2022-09-05 13:04:39,473 INFO o.a.j.u.JMeterUtils: Setting Locale to en_EN
2022-09-05 13:04:39,486 INFO o.a.j.JMeter: Loading user properties from: /opt/homebrew/Cellar/jmeter/5.5/libexec/bin/user.properties
2022-09-05 13:04:39,486 INFO o.a.j.JMeter: Loading system properties from: /opt/homebrew/Cellar/jmeter/5.5/libexec/bin/system.properties
2022-09-05 13:04:39,488 INFO o.a.j.JMeter: Copyright (c) 1998-2022 The Apache Software Foundation
2022-09-05 13:04:39,488 INFO o.a.j.JMeter: Version 5.5
2022-09-05 13:04:39,488 INFO o.a.j.JMeter: java.version=18.0.2.1
2022-09-05 13:04:39,488 INFO o.a.j.JMeter: java.vm.name=OpenJDK 64-Bit Server VM
2022-09-05 13:04:39,488 INFO o.a.j.JMeter: os.name=Mac OS X
2022-09-05 13:04:39,488 INFO o.a.j.JMeter: os.arch=aarch64
2022-09-05 13:04:39,488 INFO o.a.j.JMeter: os.version=12.4
2022-09-05 13:04:39,488 INFO o.a.j.JMeter: file.encoding=UTF-8
2022-09-05 13:04:39,489 INFO o.a.j.JMeter: java.awt.headless=null
2022-09-05 13:04:39,489 INFO o.a.j.JMeter: Max memory     =1073741824
2022-09-05 13:04:39,489 INFO o.a.j.JMeter: Available Processors =8
2022-09-05 13:04:39,492 INFO o.a.j.JMeter: Default Locale=English (EN)
2022-09-05 13:04:39,492 INFO o.a.j.JMeter: JMeter  Locale=English (EN)
2022-09-05 13:04:39,493 INFO o.a.j.JMeter: JMeterHome=/opt/homebrew/Cellar/jmeter/5.5/libexec
2022-09-05 13:04:39,493 INFO o.a.j.JMeter: user.dir  =/Users/caspar/Documents/GitHub/Serverless-AI
2022-09-05 13:04:39,493 INFO o.a.j.JMeter: PWD       =/Users/caspar/Documents/GitHub/Serverless-AI
2022-09-05 13:04:39,498 INFO o.a.j.JMeter: IP: 192.168.1.21 Name: Caspars-MacBook-Air.local FullName: 192.168.1.21
2022-09-05 13:04:39,501 INFO o.a.j.JMeter: Loaded icon properties from org/apache/jmeter/images/icon.properties
2022-09-05 13:04:39,696 INFO o.a.j.JMeterGuiLauncher: Setting LAF to: com.github.weisj.darklaf.DarkLaf:com.github.weisj.darklaf.theme.DarculaTheme
2022-09-05 13:04:42,273 INFO o.j.r.JARSourceHTTP: Requesting https://jmeter-plugins.org/repo/?installID=mac_os_x-dfc73ed4886354436572964307e19ec0-gui
2022-09-05 13:04:43,547 INFO o.j.r.PluginManager: Plugins Status: [jpgc-plugins-manager=1.7, jmeter-core=5.5, jmeter-ftp=5.5, jmeter-http=5.5, jmeter-jdbc=5.5, jmeter-jms=5.5, jmeter-junit=5.5, jmeter-java=5.5, jmeter-ldap=5.5, jmeter-mail=5.5, jmeter-mongodb=5.5, jmeter-native=5.5, jmeter-tcp=5.5, jmeter-components=5.5]
2022-09-05 16:32:43,907 INFO o.a.j.s.FileServer: Default base='/Users/caspar/Documents/GitHub/Serverless-AI'
2022-09-05 16:33:53,732 INFO o.a.j.p.h.s.HTTPSamplerBase: Parser for text/html is org.apache.jmeter.protocol.http.parser.LagartoBasedHtmlParser
2022-09-05 16:33:53,732 INFO o.a.j.p.h.s.HTTPSamplerBase: Parser for application/xhtml+xml is org.apache.jmeter.protocol.http.parser.LagartoBasedHtmlParser
2022-09-05 16:33:53,732 INFO o.a.j.p.h.s.HTTPSamplerBase: Parser for application/xml is org.apache.jmeter.protocol.http.parser.LagartoBasedHtmlParser
2022-09-05 16:33:53,732 INFO o.a.j.p.h.s.HTTPSamplerBase: Parser for text/xml is org.apache.jmeter.protocol.http.parser.LagartoBasedHtmlParser
2022-09-05 16:33:53,732 INFO o.a.j.p.h.s.HTTPSamplerBase: Parser for text/vnd.wap.wml is org.apache.jmeter.protocol.http.parser.RegexpHTMLParser
2022-09-05 16:33:53,733 INFO o.a.j.p.h.s.HTTPSamplerBase: Parser for text/css is org.apache.jmeter.protocol.http.parser.CssParser
2022-09-05 16:36:05,302 INFO o.a.j.s.FileServer: Set new base='/Users/caspar/Documents/GitHub/Serverless-AI'
2022-09-05 16:36:05,406 INFO o.a.j.s.SaveService: Testplan (JMX) version: 2.2. Testlog (JTL) version: 2.2
2022-09-05 16:36:05,410 INFO o.a.j.s.SaveService: Using SaveService properties version 5.0
2022-09-05 16:36:05,410 INFO o.a.j.s.SaveService: Using SaveService properties file encoding UTF-8
2022-09-05 16:36:05,420 INFO o.a.j.e.StandardJMeterEngine: Running the test!
2022-09-05 16:36:05,420 INFO o.a.j.s.SampleEvent: List of sample_variables: []
2022-09-05 16:36:05,420 INFO o.a.j.s.SampleEvent: List of sample_variables: []
2022-09-05 16:36:05,421 INFO o.a.j.e.u.CompoundVariable: Note: Function class names must contain the string: '.functions.'
2022-09-05 16:36:05,421 INFO o.a.j.e.u.CompoundVariable: Note: Function class names must not contain the string: '.gui.'
2022-09-05 16:36:05,438 INFO o.a.j.g.u.JMeterMenuBar: setRunning(true, *local*)
2022-09-05 16:36:05,480 INFO o.a.j.e.StandardJMeterEngine: Starting ThreadGroup: 1 : Thread Group
2022-09-05 16:36:05,480 INFO o.a.j.e.StandardJMeterEngine: Starting 10 threads for group Thread Group.
2022-09-05 16:36:05,480 INFO o.a.j.e.StandardJMeterEngine: Thread will continue on error
2022-09-05 16:36:05,480 INFO o.a.j.t.ThreadGroup: Starting thread group... number=1 threads=10 ramp-up=2 delayedStart=false
2022-09-05 16:36:05,483 INFO o.a.j.t.JMeterThread: Thread started: Thread Group 1-1
2022-09-05 16:36:05,484 INFO o.a.j.t.ThreadGroup: Started thread group number 1
2022-09-05 16:36:05,485 INFO o.a.j.e.StandardJMeterEngine: All thread groups have been started
2022-09-05 16:36:05,488 INFO o.a.j.p.h.s.HTTPHCAbstractImpl: Local host = Caspars-MacBook-Air.local
2022-09-05 16:36:05,492 INFO o.a.j.p.h.s.HTTPHC4Impl: HTTP request retry count = 0
2022-09-05 16:36:05,492 INFO o.a.j.s.SampleResult: Note: Sample TimeStamps are START times
2022-09-05 16:36:05,492 INFO o.a.j.s.SampleResult: sampleresult.default.encoding is set to ISO-8859-1
2022-09-05 16:36:05,492 INFO o.a.j.s.SampleResult: sampleresult.useNanoTime=true
2022-09-05 16:36:05,492 INFO o.a.j.s.SampleResult: sampleresult.nanoThreadSleep=5000
2022-09-05 16:36:05,540 INFO o.a.j.t.JMeterThread: Thread is done: Thread Group 1-1
2022-09-05 16:36:05,540 INFO o.a.j.t.JMeterThread: Thread finished: Thread Group 1-1
2022-09-05 16:36:05,687 INFO o.a.j.t.JMeterThread: Thread started: Thread Group 1-2
2022-09-05 16:36:05,700 INFO o.a.j.t.JMeterThread: Thread is done: Thread Group 1-2
2022-09-05 16:36:05,701 INFO o.a.j.t.JMeterThread: Thread finished: Thread Group 1-2
2022-09-05 16:36:05,886 INFO o.a.j.t.JMeterThread: Thread started: Thread Group 1-3
2022-09-05 16:36:06,086 INFO o.a.j.t.JMeterThread: Thread started: Thread Group 1-4
2022-09-05 16:36:06,108 INFO o.a.j.t.JMeterThread: Thread is done: Thread Group 1-4
2022-09-05 16:36:06,108 INFO o.a.j.t.JMeterThread: Thread finished: Thread Group 1-4
2022-09-05 16:36:06,287 INFO o.a.j.t.JMeterThread: Thread started: Thread Group 1-5
2022-09-05 16:36:06,298 INFO o.a.j.t.JMeterThread: Thread is done: Thread Group 1-5
2022-09-05 16:36:06,299 INFO o.a.j.t.JMeterThread: Thread finished: Thread Group 1-5
2022-09-05 16:36:06,483 INFO o.a.j.t.JMeterThread: Thread started: Thread Group 1-6
2022-09-05 16:36:06,686 INFO o.a.j.t.JMeterThread: Thread started: Thread Group 1-7
2022-09-05 16:36:06,697 INFO o.a.j.t.JMeterThread: Thread is done: Thread Group 1-7
2022-09-05 16:36:06,697 INFO o.a.j.t.JMeterThread: Thread finished: Thread Group 1-7
2022-09-05 16:36:06,884 INFO o.a.j.t.JMeterThread: Thread started: Thread Group 1-8
2022-09-05 16:36:06,896 INFO o.a.j.t.JMeterThread: Thread is done: Thread Group 1-8
2022-09-05 16:36:06,896 INFO o.a.j.t.JMeterThread: Thread finished: Thread Group 1-8
2022-09-05 16:36:07,086 INFO o.a.j.t.JMeterThread: Thread started: Thread Group 1-9
2022-09-05 16:36:07,286 INFO o.a.j.t.JMeterThread: Thread started: Thread Group 1-10
2022-09-05 16:36:07,295 INFO o.a.j.t.JMeterThread: Thread is done: Thread Group 1-10
2022-09-05 16:36:07,295 INFO o.a.j.t.JMeterThread: Thread finished: Thread Group 1-10
2022-09-05 16:36:30,273 INFO o.a.j.g.a.Start: Stopping test
2022-09-05 16:36:30,282 INFO o.a.j.t.JMeterThread: Stopping: Thread Group 1-9
2022-09-05 16:36:30,283 WARN o.a.j.t.JMeterThread: Interrupting: Thread Group 1-9 sampler: HTTP Request
2022-09-05 16:36:30,284 INFO o.a.j.t.JMeterThread: Stopping: Thread Group 1-6
2022-09-05 16:36:30,284 WARN o.a.j.t.JMeterThread: Interrupting: Thread Group 1-6 sampler: HTTP Request
2022-09-05 16:36:30,284 INFO o.a.j.t.JMeterThread: Stopping: Thread Group 1-3
2022-09-05 16:36:30,285 WARN o.a.j.t.JMeterThread: Interrupting: Thread Group 1-3 sampler: HTTP Request
2022-09-05 16:36:30,285 INFO o.a.j.t.JMeterThread: Thread is done: Thread Group 1-9
2022-09-05 16:36:30,285 INFO o.a.j.t.JMeterThread: Thread is done: Thread Group 1-6
2022-09-05 16:36:30,285 INFO o.a.j.t.JMeterThread: Thread finished: Thread Group 1-9
2022-09-05 16:36:30,285 INFO o.a.j.t.JMeterThread: Thread finished: Thread Group 1-6
2022-09-05 16:36:30,285 INFO o.a.j.t.JMeterThread: Thread is done: Thread Group 1-3
2022-09-05 16:36:30,285 INFO o.a.j.t.JMeterThread: Thread finished: Thread Group 1-3
2022-09-05 16:36:30,285 INFO o.a.j.e.StandardJMeterEngine: Notifying test listeners of end of test
2022-09-05 16:36:30,285 INFO o.a.j.g.u.JMeterMenuBar: setRunning(false, *local*)
2022-09-05 16:37:54,180 INFO o.a.j.e.StandardJMeterEngine: Running the test!
2022-09-05 16:37:54,182 INFO o.a.j.s.SampleEvent: List of sample_variables: []
2022-09-05 16:37:54,183 INFO o.a.j.g.u.JMeterMenuBar: setRunning(true, *local*)
2022-09-05 16:37:54,221 INFO o.a.j.e.StandardJMeterEngine: Starting ThreadGroup: 1 : Thread Group
2022-09-05 16:37:54,221 INFO o.a.j.e.StandardJMeterEngine: Starting 10 threads for group Thread Group.
2022-09-05 16:37:54,221 INFO o.a.j.e.StandardJMeterEngine: Thread will continue on error
2022-09-05 16:37:54,221 INFO o.a.j.t.ThreadGroup: Starting thread group... number=1 threads=10 ramp-up=2 delayedStart=false
2022-09-05 16:37:54,221 INFO o.a.j.t.JMeterThread: Thread started: Thread Group 1-1
2022-09-05 16:37:54,224 INFO o.a.j.t.ThreadGroup: Started thread group number 1
2022-09-05 16:37:54,224 INFO o.a.j.e.StandardJMeterEngine: All thread groups have been started
2022-09-05 16:37:54,251 INFO o.a.j.t.JMeterThread: Thread is done: Thread Group 1-1
2022-09-05 16:37:54,251 INFO o.a.j.t.JMeterThread: Thread finished: Thread Group 1-1
2022-09-05 16:37:54,426 INFO o.a.j.t.JMeterThread: Thread started: Thread Group 1-2
2022-09-05 16:37:54,627 INFO o.a.j.t.JMeterThread: Thread started: Thread Group 1-3
2022-09-05 16:37:54,639 INFO o.a.j.t.JMeterThread: Thread is done: Thread Group 1-3
2022-09-05 16:37:54,639 INFO o.a.j.t.JMeterThread: Thread finished: Thread Group 1-3
2022-09-05 16:37:54,826 INFO o.a.j.t.JMeterThread: Thread started: Thread Group 1-4
2022-09-05 16:37:54,841 INFO o.a.j.t.JMeterThread: Thread is done: Thread Group 1-4
2022-09-05 16:37:54,841 INFO o.a.j.t.JMeterThread: Thread finished: Thread Group 1-4
2022-09-05 16:37:55,023 INFO o.a.j.t.JMeterThread: Thread started: Thread Group 1-5
2022-09-05 16:37:55,223 INFO o.a.j.t.JMeterThread: Thread started: Thread Group 1-6
2022-09-05 16:37:55,235 INFO o.a.j.t.JMeterThread: Thread is done: Thread Group 1-6
2022-09-05 16:37:55,235 INFO o.a.j.t.JMeterThread: Thread finished: Thread Group 1-6
2022-09-05 16:37:55,427 INFO o.a.j.t.JMeterThread: Thread started: Thread Group 1-7
2022-09-05 16:37:55,435 INFO o.a.j.t.JMeterThread: Thread is done: Thread Group 1-7
2022-09-05 16:37:55,435 INFO o.a.j.t.JMeterThread: Thread finished: Thread Group 1-7
2022-09-05 16:37:55,624 INFO o.a.j.t.JMeterThread: Thread started: Thread Group 1-8
2022-09-05 16:37:55,825 INFO o.a.j.t.JMeterThread: Thread started: Thread Group 1-9
2022-09-05 16:37:55,837 INFO o.a.j.t.JMeterThread: Thread is done: Thread Group 1-9
2022-09-05 16:37:55,837 INFO o.a.j.t.JMeterThread: Thread finished: Thread Group 1-9
2022-09-05 16:37:56,026 INFO o.a.j.t.JMeterThread: Thread started: Thread Group 1-10
2022-09-05 16:37:56,035 INFO o.a.j.t.JMeterThread: Thread is done: Thread Group 1-10
2022-09-05 16:37:56,035 INFO o.a.j.t.JMeterThread: Thread finished: Thread Group 1-10
2022-09-05 16:38:01,892 INFO o.a.j.g.a.Start: Stopping test
2022-09-05 16:38:01,911 INFO o.a.j.t.JMeterThread: Stopping: Thread Group 1-2
2022-09-05 16:38:01,911 WARN o.a.j.t.JMeterThread: Interrupting: Thread Group 1-2 sampler: HTTP Request
2022-09-05 16:38:01,911 INFO o.a.j.t.JMeterThread: Stopping: Thread Group 1-5
2022-09-05 16:38:01,911 WARN o.a.j.t.JMeterThread: Interrupting: Thread Group 1-5 sampler: HTTP Request
2022-09-05 16:38:01,912 INFO o.a.j.t.JMeterThread: Stopping: Thread Group 1-8
2022-09-05 16:38:01,912 WARN o.a.j.t.JMeterThread: Interrupting: Thread Group 1-8 sampler: HTTP Request
2022-09-05 16:38:01,912 INFO o.a.j.t.JMeterThread: Thread is done: Thread Group 1-2
2022-09-05 16:38:01,912 INFO o.a.j.t.JMeterThread: Thread finished: Thread Group 1-2
2022-09-05 16:38:01,912 INFO o.a.j.t.JMeterThread: Thread is done: Thread Group 1-5
2022-09-05 16:38:01,912 INFO o.a.j.t.JMeterThread: Thread finished: Thread Group 1-5
2022-09-05 16:38:01,913 INFO o.a.j.t.JMeterThread: Thread is done: Thread Group 1-8
2022-09-05 16:38:01,913 INFO o.a.j.t.JMeterThread: Thread finished: Thread Group 1-8
2022-09-05 16:38:01,913 INFO o.a.j.e.StandardJMeterEngine: Notifying test listeners of end of test
2022-09-05 16:38:01,913 INFO o.a.j.g.u.JMeterMenuBar: setRunning(false, *local*)
2022-09-05 16:44:56,183 INFO o.a.j.e.StandardJMeterEngine: Running the test!
2022-09-05 16:44:56,186 INFO o.a.j.s.SampleEvent: List of sample_variables: []
2022-09-05 16:44:56,186 INFO o.a.j.g.u.JMeterMenuBar: setRunning(true, *local*)
2022-09-05 16:44:56,229 INFO o.a.j.e.StandardJMeterEngine: Starting ThreadGroup: 1 : Thread Group
2022-09-05 16:44:56,230 INFO o.a.j.e.StandardJMeterEngine: Starting 10 threads for group Thread Group.
2022-09-05 16:44:56,230 INFO o.a.j.e.StandardJMeterEngine: Thread will continue on error
2022-09-05 16:44:56,230 INFO o.a.j.t.ThreadGroup: Starting thread group... number=1 threads=10 ramp-up=2 delayedStart=false
2022-09-05 16:44:56,230 INFO o.a.j.t.JMeterThread: Thread started: Thread Group 1-1
2022-09-05 16:44:56,234 INFO o.a.j.t.ThreadGroup: Started thread group number 1
2022-09-05 16:44:56,234 INFO o.a.j.e.StandardJMeterEngine: All thread groups have been started
2022-09-05 16:44:56,436 INFO o.a.j.t.JMeterThread: Thread started: Thread Group 1-2
2022-09-05 16:44:56,475 INFO o.a.j.t.JMeterThread: Thread is done: Thread Group 1-2
2022-09-05 16:44:56,476 INFO o.a.j.t.JMeterThread: Thread finished: Thread Group 1-2
2022-09-05 16:44:56,634 INFO o.a.j.t.JMeterThread: Thread started: Thread Group 1-3
2022-09-05 16:44:56,656 INFO o.a.j.t.JMeterThread: Thread is done: Thread Group 1-3
2022-09-05 16:44:56,656 INFO o.a.j.t.JMeterThread: Thread finished: Thread Group 1-3
2022-09-05 16:44:56,834 INFO o.a.j.t.JMeterThread: Thread started: Thread Group 1-4
2022-09-05 16:44:57,036 INFO o.a.j.t.JMeterThread: Thread started: Thread Group 1-5
2022-09-05 16:44:57,047 INFO o.a.j.t.JMeterThread: Thread is done: Thread Group 1-5
2022-09-05 16:44:57,047 INFO o.a.j.t.JMeterThread: Thread finished: Thread Group 1-5
2022-09-05 16:44:57,235 INFO o.a.j.t.JMeterThread: Thread started: Thread Group 1-6
2022-09-05 16:44:57,243 INFO o.a.j.t.JMeterThread: Thread is done: Thread Group 1-6
2022-09-05 16:44:57,243 INFO o.a.j.t.JMeterThread: Thread finished: Thread Group 1-6
2022-09-05 16:44:57,432 INFO o.a.j.t.JMeterThread: Thread started: Thread Group 1-7
2022-09-05 16:44:57,635 INFO o.a.j.t.JMeterThread: Thread started: Thread Group 1-8
2022-09-05 16:44:57,644 INFO o.a.j.t.JMeterThread: Thread is done: Thread Group 1-8
2022-09-05 16:44:57,644 INFO o.a.j.t.JMeterThread: Thread finished: Thread Group 1-8
2022-09-05 16:44:57,836 INFO o.a.j.t.JMeterThread: Thread started: Thread Group 1-9
2022-09-05 16:44:57,845 INFO o.a.j.t.JMeterThread: Thread is done: Thread Group 1-9
2022-09-05 16:44:57,846 INFO o.a.j.t.JMeterThread: Thread finished: Thread Group 1-9
2022-09-05 16:44:58,037 INFO o.a.j.t.JMeterThread: Thread started: Thread Group 1-10
2022-09-05 16:45:26,241 INFO o.a.j.t.JMeterThread: Thread is done: Thread Group 1-1
2022-09-05 16:45:26,242 INFO o.a.j.t.JMeterThread: Thread finished: Thread Group 1-1
2022-09-05 16:45:26,840 INFO o.a.j.t.JMeterThread: Thread is done: Thread Group 1-4
2022-09-05 16:45:26,840 INFO o.a.j.t.JMeterThread: Thread finished: Thread Group 1-4
2022-09-05 16:45:27,438 INFO o.a.j.t.JMeterThread: Thread is done: Thread Group 1-7
2022-09-05 16:45:27,439 INFO o.a.j.t.JMeterThread: Thread finished: Thread Group 1-7
2022-09-05 16:45:28,042 INFO o.a.j.t.JMeterThread: Thread is done: Thread Group 1-10
2022-09-05 16:45:28,042 INFO o.a.j.t.JMeterThread: Thread finished: Thread Group 1-10
2022-09-05 16:45:28,043 INFO o.a.j.e.StandardJMeterEngine: Notifying test listeners of end of test
2022-09-05 16:45:28,043 INFO o.a.j.g.u.JMeterMenuBar: setRunning(false, *local*)
2022-09-05 16:48:16,208 INFO o.a.j.e.StandardJMeterEngine: Running the test!
2022-09-05 16:48:16,209 INFO o.a.j.s.SampleEvent: List of sample_variables: []
2022-09-05 16:48:16,210 INFO o.a.j.g.u.JMeterMenuBar: setRunning(true, *local*)
2022-09-05 16:48:16,236 INFO o.a.j.e.StandardJMeterEngine: Starting ThreadGroup: 1 : Thread Group
2022-09-05 16:48:16,236 INFO o.a.j.e.StandardJMeterEngine: Starting 10 threads for group Thread Group.
2022-09-05 16:48:16,236 INFO o.a.j.e.StandardJMeterEngine: Thread will continue on error
2022-09-05 16:48:16,236 INFO o.a.j.t.ThreadGroup: Starting thread group... number=1 threads=10 ramp-up=2 delayedStart=false
2022-09-05 16:48:16,237 INFO o.a.j.t.JMeterThread: Thread started: Thread Group 1-1
2022-09-05 16:48:16,238 INFO o.a.j.t.ThreadGroup: Started thread group number 1
2022-09-05 16:48:16,238 INFO o.a.j.e.StandardJMeterEngine: All thread groups have been started
2022-09-05 16:48:16,256 INFO o.a.j.t.JMeterThread: Thread is done: Thread Group 1-1
2022-09-05 16:48:16,256 INFO o.a.j.t.JMeterThread: Thread finished: Thread Group 1-1
2022-09-05 16:48:16,438 INFO o.a.j.t.JMeterThread: Thread started: Thread Group 1-2
2022-09-05 16:48:16,450 INFO o.a.j.t.JMeterThread: Thread is done: Thread Group 1-2
2022-09-05 16:48:16,450 INFO o.a.j.t.JMeterThread: Thread finished: Thread Group 1-2
2022-09-05 16:48:16,638 INFO o.a.j.t.JMeterThread: Thread started: Thread Group 1-3
2022-09-05 16:48:16,650 INFO o.a.j.t.JMeterThread: Thread is done: Thread Group 1-3
2022-09-05 16:48:16,650 INFO o.a.j.t.JMeterThread: Thread finished: Thread Group 1-3
2022-09-05 16:48:16,842 INFO o.a.j.t.JMeterThread: Thread started: Thread Group 1-4
2022-09-05 16:48:16,851 INFO o.a.j.t.JMeterThread: Thread is done: Thread Group 1-4
2022-09-05 16:48:16,852 INFO o.a.j.t.JMeterThread: Thread finished: Thread Group 1-4
2022-09-05 16:48:17,042 INFO o.a.j.t.JMeterThread: Thread started: Thread Group 1-5
2022-09-05 16:48:17,053 INFO o.a.j.t.JMeterThread: Thread is done: Thread Group 1-5
2022-09-05 16:48:17,053 INFO o.a.j.t.JMeterThread: Thread finished: Thread Group 1-5
2022-09-05 16:48:17,242 INFO o.a.j.t.JMeterThread: Thread started: Thread Group 1-6
2022-09-05 16:48:17,254 INFO o.a.j.t.JMeterThread: Thread is done: Thread Group 1-6
2022-09-05 16:48:17,254 INFO o.a.j.t.JMeterThread: Thread finished: Thread Group 1-6
2022-09-05 16:48:17,443 INFO o.a.j.t.JMeterThread: Thread started: Thread Group 1-7
2022-09-05 16:48:17,453 INFO o.a.j.t.JMeterThread: Thread is done: Thread Group 1-7
2022-09-05 16:48:17,453 INFO o.a.j.t.JMeterThread: Thread finished: Thread Group 1-7
2022-09-05 16:48:17,640 INFO o.a.j.t.JMeterThread: Thread started: Thread Group 1-8
2022-09-05 16:48:17,647 INFO o.a.j.t.JMeterThread: Thread is done: Thread Group 1-8
2022-09-05 16:48:17,648 INFO o.a.j.t.JMeterThread: Thread finished: Thread Group 1-8
2022-09-05 16:48:17,837 INFO o.a.j.t.JMeterThread: Thread started: Thread Group 1-9
2022-09-05 16:48:17,849 INFO o.a.j.t.JMeterThread: Thread is done: Thread Group 1-9
2022-09-05 16:48:17,850 INFO o.a.j.t.JMeterThread: Thread finished: Thread Group 1-9
2022-09-05 16:48:18,042 INFO o.a.j.t.JMeterThread: Thread started: Thread Group 1-10
2022-09-05 16:48:18,051 INFO o.a.j.t.JMeterThread: Thread is done: Thread Group 1-10
2022-09-05 16:48:18,052 INFO o.a.j.t.JMeterThread: Thread finished: Thread Group 1-10
2022-09-05 16:48:18,052 INFO o.a.j.e.StandardJMeterEngine: Notifying test listeners of end of test
2022-09-05 16:48:18,052 INFO o.a.j.g.u.JMeterMenuBar: setRunning(false, *local*)
2022-09-05 16:55:30,520 INFO o.a.j.e.StandardJMeterEngine: Running the test!
2022-09-05 16:55:30,520 INFO o.a.j.s.SampleEvent: List of sample_variables: []
2022-09-05 16:55:30,521 INFO o.a.j.g.u.JMeterMenuBar: setRunning(true, *local*)
2022-09-05 16:55:30,550 INFO o.a.j.e.StandardJMeterEngine: Starting ThreadGroup: 1 : Thread Group
2022-09-05 16:55:30,551 INFO o.a.j.e.StandardJMeterEngine: Starting 10 threads for group Thread Group.
2022-09-05 16:55:30,551 INFO o.a.j.e.StandardJMeterEngine: Thread will continue on error
2022-09-05 16:55:30,551 INFO o.a.j.t.ThreadGroup: Starting thread group... number=1 threads=10 ramp-up=2 delayedStart=false
2022-09-05 16:55:30,552 INFO o.a.j.t.JMeterThread: Thread started: Thread Group 1-1
2022-09-05 16:55:30,554 INFO o.a.j.t.ThreadGroup: Started thread group number 1
2022-09-05 16:55:30,555 INFO o.a.j.e.StandardJMeterEngine: All thread groups have been started
2022-09-05 16:55:30,568 INFO o.a.j.t.JMeterThread: Thread is done: Thread Group 1-1
2022-09-05 16:55:30,568 INFO o.a.j.t.JMeterThread: Thread finished: Thread Group 1-1
2022-09-05 16:55:30,757 INFO o.a.j.t.JMeterThread: Thread started: Thread Group 1-2
2022-09-05 16:55:30,763 INFO o.a.j.t.JMeterThread: Thread is done: Thread Group 1-2
2022-09-05 16:55:30,763 INFO o.a.j.t.JMeterThread: Thread finished: Thread Group 1-2
2022-09-05 16:55:30,957 INFO o.a.j.t.JMeterThread: Thread started: Thread Group 1-3
2022-09-05 16:55:30,961 INFO o.a.j.t.JMeterThread: Thread is done: Thread Group 1-3
2022-09-05 16:55:30,962 INFO o.a.j.t.JMeterThread: Thread finished: Thread Group 1-3
2022-09-05 16:55:31,158 INFO o.a.j.t.JMeterThread: Thread started: Thread Group 1-4
2022-09-05 16:55:31,163 INFO o.a.j.t.JMeterThread: Thread is done: Thread Group 1-4
2022-09-05 16:55:31,163 INFO o.a.j.t.JMeterThread: Thread finished: Thread Group 1-4
2022-09-05 16:55:31,355 INFO o.a.j.t.JMeterThread: Thread started: Thread Group 1-5
2022-09-05 16:55:31,362 INFO o.a.j.t.JMeterThread: Thread is done: Thread Group 1-5
2022-09-05 16:55:31,362 INFO o.a.j.t.JMeterThread: Thread finished: Thread Group 1-5
2022-09-05 16:55:31,557 INFO o.a.j.t.JMeterThread: Thread started: Thread Group 1-6
2022-09-05 16:55:31,564 INFO o.a.j.t.JMeterThread: Thread is done: Thread Group 1-6
2022-09-05 16:55:31,565 INFO o.a.j.t.JMeterThread: Thread finished: Thread Group 1-6
2022-09-05 16:55:31,757 INFO o.a.j.t.JMeterThread: Thread started: Thread Group 1-7
2022-09-05 16:55:31,769 INFO o.a.j.t.JMeterThread: Thread is done: Thread Group 1-7
2022-09-05 16:55:31,770 INFO o.a.j.t.JMeterThread: Thread finished: Thread Group 1-7
2022-09-05 16:55:31,959 INFO o.a.j.t.JMeterThread: Thread started: Thread Group 1-8
2022-09-05 16:55:31,964 INFO o.a.j.t.JMeterThread: Thread is done: Thread Group 1-8
2022-09-05 16:55:31,964 INFO o.a.j.t.JMeterThread: Thread finished: Thread Group 1-8
2022-09-05 16:55:32,157 INFO o.a.j.t.JMeterThread: Thread started: Thread Group 1-9
2022-09-05 16:55:32,164 INFO o.a.j.t.JMeterThread: Thread is done: Thread Group 1-9
2022-09-05 16:55:32,164 INFO o.a.j.t.JMeterThread: Thread finished: Thread Group 1-9
2022-09-05 16:55:32,355 INFO o.a.j.t.JMeterThread: Thread started: Thread Group 1-10
2022-09-05 16:55:32,367 INFO o.a.j.t.JMeterThread: Thread is done: Thread Group 1-10
2022-09-05 16:55:32,367 INFO o.a.j.t.JMeterThread: Thread finished: Thread Group 1-10
2022-09-05 16:55:32,368 INFO o.a.j.e.StandardJMeterEngine: Notifying test listeners of end of test
2022-09-05 16:55:32,368 INFO o.a.j.g.u.JMeterMenuBar: setRunning(false, *local*)
2022-09-05 17:03:35,537 INFO o.a.j.v.ViewResultsFullVisualizer: Add JavaFX to your Java installation if you want to use renderer: org.apache.jmeter.visualizers.RenderInBrowser
2022-09-05 17:03:48,244 INFO o.a.j.e.StandardJMeterEngine: Running the test!
2022-09-05 17:03:48,245 INFO o.a.j.s.SampleEvent: List of sample_variables: []
2022-09-05 17:03:48,245 INFO o.a.j.g.u.JMeterMenuBar: setRunning(true, *local*)
2022-09-05 17:03:48,291 INFO o.a.j.e.StandardJMeterEngine: Starting ThreadGroup: 1 : Thread Group
2022-09-05 17:03:48,291 INFO o.a.j.e.StandardJMeterEngine: Starting 10 threads for group Thread Group.
2022-09-05 17:03:48,291 INFO o.a.j.e.StandardJMeterEngine: Thread will continue on error
2022-09-05 17:03:48,291 INFO o.a.j.t.ThreadGroup: Starting thread group... number=1 threads=10 ramp-up=2 delayedStart=false
2022-09-05 17:03:48,292 INFO o.a.j.t.JMeterThread: Thread started: Thread Group 1-1
2022-09-05 17:03:48,294 INFO o.a.j.t.ThreadGroup: Started thread group number 1
2022-09-05 17:03:48,294 INFO o.a.j.e.StandardJMeterEngine: All thread groups have been started
2022-09-05 17:03:48,304 INFO o.a.j.t.JMeterThread: Thread is done: Thread Group 1-1
2022-09-05 17:03:48,304 INFO o.a.j.t.JMeterThread: Thread finished: Thread Group 1-1
2022-09-05 17:03:48,496 INFO o.a.j.t.JMeterThread: Thread started: Thread Group 1-2
2022-09-05 17:03:48,501 INFO o.a.j.t.JMeterThread: Thread is done: Thread Group 1-2
2022-09-05 17:03:48,501 INFO o.a.j.t.JMeterThread: Thread finished: Thread Group 1-2
2022-09-05 17:03:48,696 INFO o.a.j.t.JMeterThread: Thread started: Thread Group 1-3
2022-09-05 17:03:48,703 INFO o.a.j.t.JMeterThread: Thread is done: Thread Group 1-3
2022-09-05 17:03:48,703 INFO o.a.j.t.JMeterThread: Thread finished: Thread Group 1-3
2022-09-05 17:03:48,897 INFO o.a.j.t.JMeterThread: Thread started: Thread Group 1-4
2022-09-05 17:03:48,905 INFO o.a.j.t.JMeterThread: Thread is done: Thread Group 1-4
2022-09-05 17:03:48,906 INFO o.a.j.t.JMeterThread: Thread finished: Thread Group 1-4
2022-09-05 17:03:49,097 INFO o.a.j.t.JMeterThread: Thread started: Thread Group 1-5
2022-09-05 17:03:49,105 INFO o.a.j.t.JMeterThread: Thread is done: Thread Group 1-5
2022-09-05 17:03:49,105 INFO o.a.j.t.JMeterThread: Thread finished: Thread Group 1-5
2022-09-05 17:03:49,298 INFO o.a.j.t.JMeterThread: Thread started: Thread Group 1-6
2022-09-05 17:03:49,304 INFO o.a.j.t.JMeterThread: Thread is done: Thread Group 1-6
2022-09-05 17:03:49,304 INFO o.a.j.t.JMeterThread: Thread finished: Thread Group 1-6
2022-09-05 17:03:49,492 INFO o.a.j.t.JMeterThread: Thread started: Thread Group 1-7
2022-09-05 17:03:49,499 INFO o.a.j.t.JMeterThread: Thread is done: Thread Group 1-7
2022-09-05 17:03:49,499 INFO o.a.j.t.JMeterThread: Thread finished: Thread Group 1-7
2022-09-05 17:03:49,699 INFO o.a.j.t.JMeterThread: Thread started: Thread Group 1-8
2022-09-05 17:03:49,704 INFO o.a.j.t.JMeterThread: Thread is done: Thread Group 1-8
2022-09-05 17:03:49,705 INFO o.a.j.t.JMeterThread: Thread finished: Thread Group 1-8
2022-09-05 17:03:49,899 INFO o.a.j.t.JMeterThread: Thread started: Thread Group 1-9
2022-09-05 17:03:49,906 INFO o.a.j.t.JMeterThread: Thread is done: Thread Group 1-9
2022-09-05 17:03:49,906 INFO o.a.j.t.JMeterThread: Thread finished: Thread Group 1-9
2022-09-05 17:03:50,096 INFO o.a.j.t.JMeterThread: Thread started: Thread Group 1-10
2022-09-05 17:03:50,102 INFO o.a.j.t.JMeterThread: Thread is done: Thread Group 1-10
2022-09-05 17:03:50,103 INFO o.a.j.t.JMeterThread: Thread finished: Thread Group 1-10
2022-09-05 17:03:50,103 INFO o.a.j.e.StandardJMeterEngine: Notifying test listeners of end of test
2022-09-05 17:03:50,103 INFO o.a.j.g.u.JMeterMenuBar: setRunning(false, *local*)
2022-09-05 17:04:24,198 INFO o.a.j.e.StandardJMeterEngine: Running the test!
2022-09-05 17:04:24,199 INFO o.a.j.s.SampleEvent: List of sample_variables: []
2022-09-05 17:04:24,199 INFO o.a.j.g.u.JMeterMenuBar: setRunning(true, *local*)
2022-09-05 17:04:24,229 INFO o.a.j.e.StandardJMeterEngine: Starting ThreadGroup: 1 : Thread Group
2022-09-05 17:04:24,229 INFO o.a.j.e.StandardJMeterEngine: Starting 10 threads for group Thread Group.
2022-09-05 17:04:24,229 INFO o.a.j.e.StandardJMeterEngine: Thread will continue on error
2022-09-05 17:04:24,229 INFO o.a.j.t.ThreadGroup: Starting thread group... number=1 threads=10 ramp-up=2 delayedStart=false
2022-09-05 17:04:24,229 INFO o.a.j.t.JMeterThread: Thread started: Thread Group 1-1
2022-09-05 17:04:24,231 INFO o.a.j.t.ThreadGroup: Started thread group number 1
2022-09-05 17:04:24,231 INFO o.a.j.e.StandardJMeterEngine: All thread groups have been started
2022-09-05 17:04:24,234 INFO o.a.j.t.JMeterThread: Thread is done: Thread Group 1-1
2022-09-05 17:04:24,234 INFO o.a.j.t.JMeterThread: Thread finished: Thread Group 1-1
2022-09-05 17:04:24,435 INFO o.a.j.t.JMeterThread: Thread started: Thread Group 1-2
2022-09-05 17:04:24,440 INFO o.a.j.t.JMeterThread: Thread is done: Thread Group 1-2
2022-09-05 17:04:24,440 INFO o.a.j.t.JMeterThread: Thread finished: Thread Group 1-2
2022-09-05 17:04:24,634 INFO o.a.j.t.JMeterThread: Thread started: Thread Group 1-3
2022-09-05 17:04:24,639 INFO o.a.j.t.JMeterThread: Thread is done: Thread Group 1-3
2022-09-05 17:04:24,639 INFO o.a.j.t.JMeterThread: Thread finished: Thread Group 1-3
2022-09-05 17:04:24,834 INFO o.a.j.t.JMeterThread: Thread started: Thread Group 1-4
2022-09-05 17:04:24,840 INFO o.a.j.t.JMeterThread: Thread is done: Thread Group 1-4
2022-09-05 17:04:24,840 INFO o.a.j.t.JMeterThread: Thread finished: Thread Group 1-4
2022-09-05 17:04:25,033 INFO o.a.j.t.JMeterThread: Thread started: Thread Group 1-5
2022-09-05 17:04:25,041 INFO o.a.j.t.JMeterThread: Thread is done: Thread Group 1-5
2022-09-05 17:04:25,041 INFO o.a.j.t.JMeterThread: Thread finished: Thread Group 1-5
2022-09-05 17:04:25,230 INFO o.a.j.t.JMeterThread: Thread started: Thread Group 1-6
2022-09-05 17:04:25,237 INFO o.a.j.t.JMeterThread: Thread is done: Thread Group 1-6
2022-09-05 17:04:25,238 INFO o.a.j.t.JMeterThread: Thread finished: Thread Group 1-6
2022-09-05 17:04:25,435 INFO o.a.j.t.JMeterThread: Thread started: Thread Group 1-7
2022-09-05 17:04:25,441 INFO o.a.j.t.JMeterThread: Thread is done: Thread Group 1-7
2022-09-05 17:04:25,442 INFO o.a.j.t.JMeterThread: Thread finished: Thread Group 1-7
2022-09-05 17:04:25,631 INFO o.a.j.t.JMeterThread: Thread started: Thread Group 1-8
2022-09-05 17:04:25,637 INFO o.a.j.t.JMeterThread: Thread is done: Thread Group 1-8
2022-09-05 17:04:25,637 INFO o.a.j.t.JMeterThread: Thread finished: Thread Group 1-8
2022-09-05 17:04:25,835 INFO o.a.j.t.JMeterThread: Thread started: Thread Group 1-9
2022-09-05 17:04:25,837 INFO o.a.j.t.JMeterThread: Thread is done: Thread Group 1-9
2022-09-05 17:04:25,838 INFO o.a.j.t.JMeterThread: Thread finished: Thread Group 1-9
2022-09-05 17:04:26,034 INFO o.a.j.t.JMeterThread: Thread started: Thread Group 1-10
2022-09-05 17:04:26,038 INFO o.a.j.t.JMeterThread: Thread is done: Thread Group 1-10
2022-09-05 17:04:26,038 INFO o.a.j.t.JMeterThread: Thread finished: Thread Group 1-10
2022-09-05 17:04:26,038 INFO o.a.j.e.StandardJMeterEngine: Notifying test listeners of end of test
2022-09-05 17:04:26,038 INFO o.a.j.g.u.JMeterMenuBar: setRunning(false, *local*)
2022-09-05 17:04:33,248 INFO o.a.j.e.StandardJMeterEngine: Running the test!
2022-09-05 17:04:33,248 INFO o.a.j.s.SampleEvent: List of sample_variables: []
2022-09-05 17:04:33,249 INFO o.a.j.g.u.JMeterMenuBar: setRunning(true, *local*)
2022-09-05 17:04:33,276 INFO o.a.j.e.StandardJMeterEngine: Starting ThreadGroup: 1 : Thread Group
2022-09-05 17:04:33,276 INFO o.a.j.e.StandardJMeterEngine: Starting 10 threads for group Thread Group.
2022-09-05 17:04:33,276 INFO o.a.j.e.StandardJMeterEngine: Thread will continue on error
2022-09-05 17:04:33,276 INFO o.a.j.t.ThreadGroup: Starting thread group... number=1 threads=10 ramp-up=2 delayedStart=false
2022-09-05 17:04:33,276 INFO o.a.j.t.JMeterThread: Thread started: Thread Group 1-1
2022-09-05 17:04:33,277 INFO o.a.j.t.ThreadGroup: Started thread group number 1
2022-09-05 17:04:33,277 INFO o.a.j.e.StandardJMeterEngine: All thread groups have been started
2022-09-05 17:04:33,279 INFO o.a.j.t.JMeterThread: Thread is done: Thread Group 1-1
2022-09-05 17:04:33,279 INFO o.a.j.t.JMeterThread: Thread finished: Thread Group 1-1
2022-09-05 17:04:33,480 INFO o.a.j.t.JMeterThread: Thread started: Thread Group 1-2
2022-09-05 17:04:33,486 INFO o.a.j.t.JMeterThread: Thread is done: Thread Group 1-2
2022-09-05 17:04:33,486 INFO o.a.j.t.JMeterThread: Thread finished: Thread Group 1-2
2022-09-05 17:04:33,682 INFO o.a.j.t.JMeterThread: Thread started: Thread Group 1-3
2022-09-05 17:04:33,692 INFO o.a.j.t.JMeterThread: Thread is done: Thread Group 1-3
2022-09-05 17:04:33,692 INFO o.a.j.t.JMeterThread: Thread finished: Thread Group 1-3
2022-09-05 17:04:33,881 INFO o.a.j.t.JMeterThread: Thread started: Thread Group 1-4
2022-09-05 17:04:33,884 INFO o.a.j.t.JMeterThread: Thread is done: Thread Group 1-4
2022-09-05 17:04:33,884 INFO o.a.j.t.JMeterThread: Thread finished: Thread Group 1-4
2022-09-05 17:04:34,082 INFO o.a.j.t.JMeterThread: Thread started: Thread Group 1-5
2022-09-05 17:04:34,088 INFO o.a.j.t.JMeterThread: Thread is done: Thread Group 1-5
2022-09-05 17:04:34,088 INFO o.a.j.t.JMeterThread: Thread finished: Thread Group 1-5
2022-09-05 17:04:34,281 INFO o.a.j.t.JMeterThread: Thread started: Thread Group 1-6
2022-09-05 17:04:34,287 INFO o.a.j.t.JMeterThread: Thread is done: Thread Group 1-6
2022-09-05 17:04:34,287 INFO o.a.j.t.JMeterThread: Thread finished: Thread Group 1-6
2022-09-05 17:04:34,478 INFO o.a.j.t.JMeterThread: Thread started: Thread Group 1-7
2022-09-05 17:04:34,485 INFO o.a.j.t.JMeterThread: Thread is done: Thread Group 1-7
2022-09-05 17:04:34,485 INFO o.a.j.t.JMeterThread: Thread finished: Thread Group 1-7
2022-09-05 17:04:34,681 INFO o.a.j.t.JMeterThread: Thread started: Thread Group 1-8
2022-09-05 17:04:34,689 INFO o.a.j.t.JMeterThread: Thread is done: Thread Group 1-8
2022-09-05 17:04:34,689 INFO o.a.j.t.JMeterThread: Thread finished: Thread Group 1-8
2022-09-05 17:04:34,879 INFO o.a.j.t.JMeterThread: Thread started: Thread Group 1-9
2022-09-05 17:04:34,882 INFO o.a.j.t.JMeterThread: Thread is done: Thread Group 1-9
2022-09-05 17:04:34,882 INFO o.a.j.t.JMeterThread: Thread finished: Thread Group 1-9
2022-09-05 17:04:35,081 INFO o.a.j.t.JMeterThread: Thread started: Thread Group 1-10
2022-09-05 17:04:35,088 INFO o.a.j.t.JMeterThread: Thread is done: Thread Group 1-10
2022-09-05 17:04:35,088 INFO o.a.j.t.JMeterThread: Thread finished: Thread Group 1-10
2022-09-05 17:04:35,089 INFO o.a.j.e.StandardJMeterEngine: Notifying test listeners of end of test
2022-09-05 17:04:35,089 INFO o.a.j.g.u.JMeterMenuBar: setRunning(false, *local*)
2022-09-05 17:05:24,813 INFO o.a.j.e.StandardJMeterEngine: Running the test!
2022-09-05 17:05:24,814 INFO o.a.j.s.SampleEvent: List of sample_variables: []
2022-09-05 17:05:24,815 INFO o.a.j.g.u.JMeterMenuBar: setRunning(true, *local*)
2022-09-05 17:05:24,846 INFO o.a.j.e.StandardJMeterEngine: Starting ThreadGroup: 1 : Thread Group
2022-09-05 17:05:24,846 INFO o.a.j.e.StandardJMeterEngine: Starting 10 threads for group Thread Group.
2022-09-05 17:05:24,846 INFO o.a.j.e.StandardJMeterEngine: Thread will continue on error
2022-09-05 17:05:24,846 INFO o.a.j.t.ThreadGroup: Starting thread group... number=1 threads=10 ramp-up=2 delayedStart=false
2022-09-05 17:05:24,846 INFO o.a.j.t.JMeterThread: Thread started: Thread Group 1-1
2022-09-05 17:05:24,847 INFO o.a.j.t.ThreadGroup: Started thread group number 1
2022-09-05 17:05:24,847 INFO o.a.j.e.StandardJMeterEngine: All thread groups have been started
2022-09-05 17:05:24,898 INFO o.a.j.t.JMeterThread: Thread is done: Thread Group 1-1
2022-09-05 17:05:24,898 INFO o.a.j.t.JMeterThread: Thread finished: Thread Group 1-1
2022-09-05 17:05:25,050 INFO o.a.j.t.JMeterThread: Thread started: Thread Group 1-2
2022-09-05 17:05:25,083 INFO o.a.j.t.JMeterThread: Thread is done: Thread Group 1-2
2022-09-05 17:05:25,083 INFO o.a.j.t.JMeterThread: Thread finished: Thread Group 1-2
2022-09-05 17:05:25,252 INFO o.a.j.t.JMeterThread: Thread started: Thread Group 1-3
2022-09-05 17:05:25,285 INFO o.a.j.t.JMeterThread: Thread is done: Thread Group 1-3
2022-09-05 17:05:25,285 INFO o.a.j.t.JMeterThread: Thread finished: Thread Group 1-3
2022-09-05 17:05:25,451 INFO o.a.j.t.JMeterThread: Thread started: Thread Group 1-4
2022-09-05 17:05:25,492 INFO o.a.j.t.JMeterThread: Thread is done: Thread Group 1-4
2022-09-05 17:05:25,492 INFO o.a.j.t.JMeterThread: Thread finished: Thread Group 1-4
2022-09-05 17:05:25,646 INFO o.a.j.t.JMeterThread: Thread started: Thread Group 1-5
2022-09-05 17:05:25,687 INFO o.a.j.t.JMeterThread: Thread is done: Thread Group 1-5
2022-09-05 17:05:25,687 INFO o.a.j.t.JMeterThread: Thread finished: Thread Group 1-5
2022-09-05 17:05:25,851 INFO o.a.j.t.JMeterThread: Thread started: Thread Group 1-6
2022-09-05 17:05:25,890 INFO o.a.j.t.JMeterThread: Thread is done: Thread Group 1-6
2022-09-05 17:05:25,890 INFO o.a.j.t.JMeterThread: Thread finished: Thread Group 1-6
2022-09-05 17:05:26,052 INFO o.a.j.t.JMeterThread: Thread started: Thread Group 1-7
2022-09-05 17:05:26,093 INFO o.a.j.t.JMeterThread: Thread is done: Thread Group 1-7
2022-09-05 17:05:26,094 INFO o.a.j.t.JMeterThread: Thread finished: Thread Group 1-7
2022-09-05 17:05:26,249 INFO o.a.j.t.JMeterThread: Thread started: Thread Group 1-8
2022-09-05 17:05:26,282 INFO o.a.j.t.JMeterThread: Thread is done: Thread Group 1-8
2022-09-05 17:05:26,282 INFO o.a.j.t.JMeterThread: Thread finished: Thread Group 1-8
2022-09-05 17:05:26,451 INFO o.a.j.t.JMeterThread: Thread started: Thread Group 1-9
2022-09-05 17:05:26,490 INFO o.a.j.t.JMeterThread: Thread is done: Thread Group 1-9
2022-09-05 17:05:26,490 INFO o.a.j.t.JMeterThread: Thread finished: Thread Group 1-9
2022-09-05 17:05:26,651 INFO o.a.j.t.JMeterThread: Thread started: Thread Group 1-10
2022-09-05 17:05:26,690 INFO o.a.j.t.JMeterThread: Thread is done: Thread Group 1-10
2022-09-05 17:05:26,690 INFO o.a.j.t.JMeterThread: Thread finished: Thread Group 1-10
2022-09-05 17:05:26,690 INFO o.a.j.e.StandardJMeterEngine: Notifying test listeners of end of test
2022-09-05 17:05:26,690 INFO o.a.j.g.u.JMeterMenuBar: setRunning(false, *local*)
2022-09-05 17:07:06,328 INFO o.a.j.e.StandardJMeterEngine: Running the test!
2022-09-05 17:07:06,329 INFO o.a.j.s.SampleEvent: List of sample_variables: []
2022-09-05 17:07:06,330 INFO o.a.j.g.u.JMeterMenuBar: setRunning(true, *local*)
2022-09-05 17:07:06,371 INFO o.a.j.e.StandardJMeterEngine: Starting ThreadGroup: 1 : Thread Group
2022-09-05 17:07:06,371 INFO o.a.j.e.StandardJMeterEngine: Starting 10 threads for group Thread Group.
2022-09-05 17:07:06,371 INFO o.a.j.e.StandardJMeterEngine: Thread will continue on error
2022-09-05 17:07:06,371 INFO o.a.j.t.ThreadGroup: Starting thread group... number=1 threads=10 ramp-up=2 delayedStart=false
2022-09-05 17:07:06,372 INFO o.a.j.t.JMeterThread: Thread started: Thread Group 1-1
2022-09-05 17:07:06,373 INFO o.a.j.t.ThreadGroup: Started thread group number 1
2022-09-05 17:07:06,373 INFO o.a.j.e.StandardJMeterEngine: All thread groups have been started
2022-09-05 17:07:06,428 INFO o.a.j.t.JMeterThread: Thread is done: Thread Group 1-1
2022-09-05 17:07:06,428 INFO o.a.j.t.JMeterThread: Thread finished: Thread Group 1-1
2022-09-05 17:07:06,577 INFO o.a.j.t.JMeterThread: Thread started: Thread Group 1-2
2022-09-05 17:07:06,605 INFO o.a.j.t.JMeterThread: Thread is done: Thread Group 1-2
2022-09-05 17:07:06,605 INFO o.a.j.t.JMeterThread: Thread finished: Thread Group 1-2
2022-09-05 17:07:06,774 INFO o.a.j.t.JMeterThread: Thread started: Thread Group 1-3
2022-09-05 17:07:06,824 INFO o.a.j.t.JMeterThread: Thread is done: Thread Group 1-3
2022-09-05 17:07:06,824 INFO o.a.j.t.JMeterThread: Thread finished: Thread Group 1-3
2022-09-05 17:07:06,978 INFO o.a.j.t.JMeterThread: Thread started: Thread Group 1-4
2022-09-05 17:07:07,013 INFO o.a.j.t.JMeterThread: Thread is done: Thread Group 1-4
2022-09-05 17:07:07,013 INFO o.a.j.t.JMeterThread: Thread finished: Thread Group 1-4
2022-09-05 17:07:07,173 INFO o.a.j.t.JMeterThread: Thread started: Thread Group 1-5
2022-09-05 17:07:07,211 INFO o.a.j.t.JMeterThread: Thread is done: Thread Group 1-5
2022-09-05 17:07:07,211 INFO o.a.j.t.JMeterThread: Thread finished: Thread Group 1-5
2022-09-05 17:07:07,376 INFO o.a.j.t.JMeterThread: Thread started: Thread Group 1-6
2022-09-05 17:07:07,413 INFO o.a.j.t.JMeterThread: Thread is done: Thread Group 1-6
2022-09-05 17:07:07,413 INFO o.a.j.t.JMeterThread: Thread finished: Thread Group 1-6
2022-09-05 17:07:07,575 INFO o.a.j.t.JMeterThread: Thread started: Thread Group 1-7
2022-09-05 17:07:07,615 INFO o.a.j.t.JMeterThread: Thread is done: Thread Group 1-7
2022-09-05 17:07:07,615 INFO o.a.j.t.JMeterThread: Thread finished: Thread Group 1-7
2022-09-05 17:07:07,774 INFO o.a.j.t.JMeterThread: Thread started: Thread Group 1-8
2022-09-05 17:07:07,812 INFO o.a.j.t.JMeterThread: Thread is done: Thread Group 1-8
2022-09-05 17:07:07,812 INFO o.a.j.t.JMeterThread: Thread finished: Thread Group 1-8
2022-09-05 17:07:07,973 INFO o.a.j.t.JMeterThread: Thread started: Thread Group 1-9
2022-09-05 17:07:08,011 INFO o.a.j.t.JMeterThread: Thread is done: Thread Group 1-9
2022-09-05 17:07:08,011 INFO o.a.j.t.JMeterThread: Thread finished: Thread Group 1-9
2022-09-05 17:07:08,172 INFO o.a.j.t.JMeterThread: Thread started: Thread Group 1-10
2022-09-05 17:07:08,210 INFO o.a.j.t.JMeterThread: Thread is done: Thread Group 1-10
2022-09-05 17:07:08,210 INFO o.a.j.t.JMeterThread: Thread finished: Thread Group 1-10
2022-09-05 17:07:08,210 INFO o.a.j.e.StandardJMeterEngine: Notifying test listeners of end of test
2022-09-05 17:07:08,210 INFO o.a.j.g.u.JMeterMenuBar: setRunning(false, *local*)
2022-09-05 17:07:57,308 INFO o.a.j.e.StandardJMeterEngine: Running the test!
2022-09-05 17:07:57,309 INFO o.a.j.s.SampleEvent: List of sample_variables: []
2022-09-05 17:07:57,310 INFO o.a.j.g.u.JMeterMenuBar: setRunning(true, *local*)
2022-09-05 17:07:57,342 INFO o.a.j.e.StandardJMeterEngine: Starting ThreadGroup: 1 : Thread Group
2022-09-05 17:07:57,342 INFO o.a.j.e.StandardJMeterEngine: Starting 10 threads for group Thread Group.
2022-09-05 17:07:57,342 INFO o.a.j.e.StandardJMeterEngine: Thread will continue on error
2022-09-05 17:07:57,342 INFO o.a.j.t.ThreadGroup: Starting thread group... number=1 threads=10 ramp-up=2 delayedStart=false
2022-09-05 17:07:57,342 INFO o.a.j.t.JMeterThread: Thread started: Thread Group 1-1
2022-09-05 17:07:57,344 INFO o.a.j.t.ThreadGroup: Started thread group number 1
2022-09-05 17:07:57,344 INFO o.a.j.e.StandardJMeterEngine: All thread groups have been started
2022-09-05 17:07:57,392 INFO o.a.j.t.JMeterThread: Thread is done: Thread Group 1-1
2022-09-05 17:07:57,393 INFO o.a.j.t.JMeterThread: Thread finished: Thread Group 1-1
2022-09-05 17:07:57,548 INFO o.a.j.t.JMeterThread: Thread started: Thread Group 1-2
2022-09-05 17:07:57,580 INFO o.a.j.t.JMeterThread: Thread is done: Thread Group 1-2
2022-09-05 17:07:57,581 INFO o.a.j.t.JMeterThread: Thread finished: Thread Group 1-2
2022-09-05 17:07:57,748 INFO o.a.j.t.JMeterThread: Thread started: Thread Group 1-3
2022-09-05 17:07:57,788 INFO o.a.j.t.JMeterThread: Thread is done: Thread Group 1-3
2022-09-05 17:07:57,788 INFO o.a.j.t.JMeterThread: Thread finished: Thread Group 1-3
2022-09-05 17:07:57,947 INFO o.a.j.t.JMeterThread: Thread started: Thread Group 1-4
2022-09-05 17:07:57,985 INFO o.a.j.t.JMeterThread: Thread is done: Thread Group 1-4
2022-09-05 17:07:57,985 INFO o.a.j.t.JMeterThread: Thread finished: Thread Group 1-4
2022-09-05 17:07:58,148 INFO o.a.j.t.JMeterThread: Thread started: Thread Group 1-5
2022-09-05 17:07:58,186 INFO o.a.j.t.JMeterThread: Thread is done: Thread Group 1-5
2022-09-05 17:07:58,186 INFO o.a.j.t.JMeterThread: Thread finished: Thread Group 1-5
2022-09-05 17:07:58,348 INFO o.a.j.t.JMeterThread: Thread started: Thread Group 1-6
2022-09-05 17:07:58,386 INFO o.a.j.t.JMeterThread: Thread is done: Thread Group 1-6
2022-09-05 17:07:58,386 INFO o.a.j.t.JMeterThread: Thread finished: Thread Group 1-6
2022-09-05 17:07:58,546 INFO o.a.j.t.JMeterThread: Thread started: Thread Group 1-7
2022-09-05 17:07:58,585 INFO o.a.j.t.JMeterThread: Thread is done: Thread Group 1-7
2022-09-05 17:07:58,585 INFO o.a.j.t.JMeterThread: Thread finished: Thread Group 1-7
2022-09-05 17:07:58,745 INFO o.a.j.t.JMeterThread: Thread started: Thread Group 1-8
2022-09-05 17:07:58,784 INFO o.a.j.t.JMeterThread: Thread is done: Thread Group 1-8
2022-09-05 17:07:58,784 INFO o.a.j.t.JMeterThread: Thread finished: Thread Group 1-8
2022-09-05 17:07:58,944 INFO o.a.j.t.JMeterThread: Thread started: Thread Group 1-9
2022-09-05 17:07:58,980 INFO o.a.j.t.JMeterThread: Thread is done: Thread Group 1-9
2022-09-05 17:07:58,980 INFO o.a.j.t.JMeterThread: Thread finished: Thread Group 1-9
2022-09-05 17:07:59,143 INFO o.a.j.t.JMeterThread: Thread started: Thread Group 1-10
2022-09-05 17:07:59,182 INFO o.a.j.t.JMeterThread: Thread is done: Thread Group 1-10
2022-09-05 17:07:59,182 INFO o.a.j.t.JMeterThread: Thread finished: Thread Group 1-10
2022-09-05 17:07:59,182 INFO o.a.j.e.StandardJMeterEngine: Notifying test listeners of end of test
2022-09-05 17:07:59,183 INFO o.a.j.g.u.JMeterMenuBar: setRunning(false, *local*)
2022-09-05 17:08:50,053 INFO o.a.j.e.StandardJMeterEngine: Running the test!
2022-09-05 17:08:50,054 INFO o.a.j.s.SampleEvent: List of sample_variables: []
2022-09-05 17:08:50,054 INFO o.a.j.g.u.JMeterMenuBar: setRunning(true, *local*)
2022-09-05 17:08:50,080 INFO o.a.j.e.StandardJMeterEngine: Starting ThreadGroup: 1 : Thread Group
2022-09-05 17:08:50,081 INFO o.a.j.e.StandardJMeterEngine: Starting 10 threads for group Thread Group.
2022-09-05 17:08:50,081 INFO o.a.j.e.StandardJMeterEngine: Thread will continue on error
2022-09-05 17:08:50,081 INFO o.a.j.t.ThreadGroup: Starting thread group... number=1 threads=10 ramp-up=2 delayedStart=false
2022-09-05 17:08:50,081 INFO o.a.j.t.JMeterThread: Thread started: Thread Group 1-1
2022-09-05 17:08:50,082 INFO o.a.j.t.ThreadGroup: Started thread group number 1
2022-09-05 17:08:50,082 INFO o.a.j.e.StandardJMeterEngine: All thread groups have been started
2022-09-05 17:08:50,117 INFO o.a.j.t.JMeterThread: Thread is done: Thread Group 1-1
2022-09-05 17:08:50,117 INFO o.a.j.t.JMeterThread: Thread finished: Thread Group 1-1
2022-09-05 17:08:50,286 INFO o.a.j.t.JMeterThread: Thread started: Thread Group 1-2
2022-09-05 17:08:50,320 INFO o.a.j.t.JMeterThread: Thread is done: Thread Group 1-2
2022-09-05 17:08:50,320 INFO o.a.j.t.JMeterThread: Thread finished: Thread Group 1-2
2022-09-05 17:08:50,486 INFO o.a.j.t.JMeterThread: Thread started: Thread Group 1-3
2022-09-05 17:08:50,527 INFO o.a.j.t.JMeterThread: Thread is done: Thread Group 1-3
2022-09-05 17:08:50,527 INFO o.a.j.t.JMeterThread: Thread finished: Thread Group 1-3
2022-09-05 17:08:50,683 INFO o.a.j.t.JMeterThread: Thread started: Thread Group 1-4
2022-09-05 17:08:50,717 INFO o.a.j.t.JMeterThread: Thread is done: Thread Group 1-4
2022-09-05 17:08:50,717 INFO o.a.j.t.JMeterThread: Thread finished: Thread Group 1-4
2022-09-05 17:08:50,883 INFO o.a.j.t.JMeterThread: Thread started: Thread Group 1-5
2022-09-05 17:08:50,922 INFO o.a.j.t.JMeterThread: Thread is done: Thread Group 1-5
2022-09-05 17:08:50,922 INFO o.a.j.t.JMeterThread: Thread finished: Thread Group 1-5
2022-09-05 17:08:51,083 INFO o.a.j.t.JMeterThread: Thread started: Thread Group 1-6
2022-09-05 17:08:51,122 INFO o.a.j.t.JMeterThread: Thread is done: Thread Group 1-6
2022-09-05 17:08:51,122 INFO o.a.j.t.JMeterThread: Thread finished: Thread Group 1-6
2022-09-05 17:08:51,286 INFO o.a.j.t.JMeterThread: Thread started: Thread Group 1-7
2022-09-05 17:08:51,325 INFO o.a.j.t.JMeterThread: Thread is done: Thread Group 1-7
2022-09-05 17:08:51,325 INFO o.a.j.t.JMeterThread: Thread finished: Thread Group 1-7
2022-09-05 17:08:51,486 INFO o.a.j.t.JMeterThread: Thread started: Thread Group 1-8
2022-09-05 17:08:51,525 INFO o.a.j.t.JMeterThread: Thread is done: Thread Group 1-8
2022-09-05 17:08:51,525 INFO o.a.j.t.JMeterThread: Thread finished: Thread Group 1-8
2022-09-05 17:08:51,685 INFO o.a.j.t.JMeterThread: Thread started: Thread Group 1-9
2022-09-05 17:08:51,724 INFO o.a.j.t.JMeterThread: Thread is done: Thread Group 1-9
2022-09-05 17:08:51,724 INFO o.a.j.t.JMeterThread: Thread finished: Thread Group 1-9
2022-09-05 17:08:51,885 INFO o.a.j.t.JMeterThread: Thread started: Thread Group 1-10
2022-09-05 17:08:51,923 INFO o.a.j.t.JMeterThread: Thread is done: Thread Group 1-10
2022-09-05 17:08:51,923 INFO o.a.j.t.JMeterThread: Thread finished: Thread Group 1-10
2022-09-05 17:08:51,923 INFO o.a.j.e.StandardJMeterEngine: Notifying test listeners of end of test
2022-09-05 17:08:51,924 INFO o.a.j.g.u.JMeterMenuBar: setRunning(false, *local*)
2022-09-05 17:09:23,776 INFO o.a.j.e.StandardJMeterEngine: Running the test!
2022-09-05 17:09:23,777 INFO o.a.j.s.SampleEvent: List of sample_variables: []
2022-09-05 17:09:23,778 INFO o.a.j.g.u.JMeterMenuBar: setRunning(true, *local*)
2022-09-05 17:09:23,814 INFO o.a.j.e.StandardJMeterEngine: Starting ThreadGroup: 1 : Thread Group
2022-09-05 17:09:23,815 INFO o.a.j.e.StandardJMeterEngine: Starting 10 threads for group Thread Group.
2022-09-05 17:09:23,815 INFO o.a.j.e.StandardJMeterEngine: Thread will continue on error
2022-09-05 17:09:23,815 INFO o.a.j.t.ThreadGroup: Starting thread group... number=1 threads=10 ramp-up=2 delayedStart=false
2022-09-05 17:09:23,815 INFO o.a.j.t.JMeterThread: Thread started: Thread Group 1-1
2022-09-05 17:09:23,816 INFO o.a.j.t.ThreadGroup: Started thread group number 1
2022-09-05 17:09:23,816 INFO o.a.j.e.StandardJMeterEngine: All thread groups have been started
2022-09-05 17:09:23,822 INFO o.a.j.t.JMeterThread: Thread is done: Thread Group 1-1
2022-09-05 17:09:23,822 INFO o.a.j.t.JMeterThread: Thread finished: Thread Group 1-1
2022-09-05 17:09:24,020 INFO o.a.j.t.JMeterThread: Thread started: Thread Group 1-2
2022-09-05 17:09:24,028 INFO o.a.j.t.JMeterThread: Thread is done: Thread Group 1-2
2022-09-05 17:09:24,028 INFO o.a.j.t.JMeterThread: Thread finished: Thread Group 1-2
2022-09-05 17:09:24,217 INFO o.a.j.t.JMeterThread: Thread started: Thread Group 1-3
2022-09-05 17:09:24,224 INFO o.a.j.t.JMeterThread: Thread is done: Thread Group 1-3
2022-09-05 17:09:24,224 INFO o.a.j.t.JMeterThread: Thread finished: Thread Group 1-3
2022-09-05 17:09:24,420 INFO o.a.j.t.JMeterThread: Thread started: Thread Group 1-4
2022-09-05 17:09:24,425 INFO o.a.j.t.JMeterThread: Thread is done: Thread Group 1-4
2022-09-05 17:09:24,425 INFO o.a.j.t.JMeterThread: Thread finished: Thread Group 1-4
2022-09-05 17:09:24,621 INFO o.a.j.t.JMeterThread: Thread started: Thread Group 1-5
2022-09-05 17:09:24,627 INFO o.a.j.t.JMeterThread: Thread is done: Thread Group 1-5
2022-09-05 17:09:24,627 INFO o.a.j.t.JMeterThread: Thread finished: Thread Group 1-5
2022-09-05 17:09:24,819 INFO o.a.j.t.JMeterThread: Thread started: Thread Group 1-6
2022-09-05 17:09:24,826 INFO o.a.j.t.JMeterThread: Thread is done: Thread Group 1-6
2022-09-05 17:09:24,826 INFO o.a.j.t.JMeterThread: Thread finished: Thread Group 1-6
2022-09-05 17:09:25,021 INFO o.a.j.t.JMeterThread: Thread started: Thread Group 1-7
2022-09-05 17:09:25,027 INFO o.a.j.t.JMeterThread: Thread is done: Thread Group 1-7
2022-09-05 17:09:25,027 INFO o.a.j.t.JMeterThread: Thread finished: Thread Group 1-7
2022-09-05 17:09:25,215 INFO o.a.j.t.JMeterThread: Thread started: Thread Group 1-8
2022-09-05 17:09:25,222 INFO o.a.j.t.JMeterThread: Thread is done: Thread Group 1-8
2022-09-05 17:09:25,222 INFO o.a.j.t.JMeterThread: Thread finished: Thread Group 1-8
2022-09-05 17:09:25,419 INFO o.a.j.t.JMeterThread: Thread started: Thread Group 1-9
2022-09-05 17:09:25,424 INFO o.a.j.t.JMeterThread: Thread is done: Thread Group 1-9
2022-09-05 17:09:25,424 INFO o.a.j.t.JMeterThread: Thread finished: Thread Group 1-9
2022-09-05 17:09:25,620 INFO o.a.j.t.JMeterThread: Thread started: Thread Group 1-10
2022-09-05 17:09:25,626 INFO o.a.j.t.JMeterThread: Thread is done: Thread Group 1-10
2022-09-05 17:09:25,626 INFO o.a.j.t.JMeterThread: Thread finished: Thread Group 1-10
2022-09-05 17:09:25,626 INFO o.a.j.e.StandardJMeterEngine: Notifying test listeners of end of test
2022-09-05 17:09:25,626 INFO o.a.j.g.u.JMeterMenuBar: setRunning(false, *local*)
2022-09-05 17:12:00,339 INFO o.a.j.e.StandardJMeterEngine: Running the test!
2022-09-05 17:12:00,341 INFO o.a.j.s.SampleEvent: List of sample_variables: []
2022-09-05 17:12:00,342 INFO o.a.j.g.u.JMeterMenuBar: setRunning(true, *local*)
2022-09-05 17:12:00,381 INFO o.a.j.e.StandardJMeterEngine: Starting ThreadGroup: 1 : Thread Group
2022-09-05 17:12:00,382 INFO o.a.j.e.StandardJMeterEngine: Starting 10 threads for group Thread Group.
2022-09-05 17:12:00,382 INFO o.a.j.e.StandardJMeterEngine: Thread will continue on error
2022-09-05 17:12:00,382 INFO o.a.j.t.ThreadGroup: Starting thread group... number=1 threads=10 ramp-up=2 delayedStart=false
2022-09-05 17:12:00,382 INFO o.a.j.t.JMeterThread: Thread started: Thread Group 1-1
2022-09-05 17:12:00,384 INFO o.a.j.t.ThreadGroup: Started thread group number 1
2022-09-05 17:12:00,384 INFO o.a.j.e.StandardJMeterEngine: All thread groups have been started
2022-09-05 17:12:00,426 INFO o.a.j.t.JMeterThread: Thread is done: Thread Group 1-1
2022-09-05 17:12:00,426 INFO o.a.j.t.JMeterThread: Thread finished: Thread Group 1-1
2022-09-05 17:12:00,587 INFO o.a.j.t.JMeterThread: Thread started: Thread Group 1-2
2022-09-05 17:12:00,615 INFO o.a.j.t.JMeterThread: Thread is done: Thread Group 1-2
2022-09-05 17:12:00,615 INFO o.a.j.t.JMeterThread: Thread finished: Thread Group 1-2
2022-09-05 17:12:00,788 INFO o.a.j.t.JMeterThread: Thread started: Thread Group 1-3
2022-09-05 17:12:00,826 INFO o.a.j.t.JMeterThread: Thread is done: Thread Group 1-3
2022-09-05 17:12:00,827 INFO o.a.j.t.JMeterThread: Thread finished: Thread Group 1-3
2022-09-05 17:12:00,988 INFO o.a.j.t.JMeterThread: Thread started: Thread Group 1-4
2022-09-05 17:12:01,013 INFO o.a.j.t.JMeterThread: Thread is done: Thread Group 1-4
2022-09-05 17:12:01,013 INFO o.a.j.t.JMeterThread: Thread finished: Thread Group 1-4
2022-09-05 17:12:01,185 INFO o.a.j.t.JMeterThread: Thread started: Thread Group 1-5
2022-09-05 17:12:01,218 INFO o.a.j.t.JMeterThread: Thread is done: Thread Group 1-5
2022-09-05 17:12:01,218 INFO o.a.j.t.JMeterThread: Thread finished: Thread Group 1-5
2022-09-05 17:12:01,387 INFO o.a.j.t.JMeterThread: Thread started: Thread Group 1-6
2022-09-05 17:12:01,416 INFO o.a.j.t.JMeterThread: Thread is done: Thread Group 1-6
2022-09-05 17:12:01,416 INFO o.a.j.t.JMeterThread: Thread finished: Thread Group 1-6
2022-09-05 17:12:01,583 INFO o.a.j.t.JMeterThread: Thread started: Thread Group 1-7
2022-09-05 17:12:01,620 INFO o.a.j.t.JMeterThread: Thread is done: Thread Group 1-7
2022-09-05 17:12:01,620 INFO o.a.j.t.JMeterThread: Thread finished: Thread Group 1-7
2022-09-05 17:12:01,788 INFO o.a.j.t.JMeterThread: Thread started: Thread Group 1-8
2022-09-05 17:12:01,820 INFO o.a.j.t.JMeterThread: Thread is done: Thread Group 1-8
2022-09-05 17:12:01,821 INFO o.a.j.t.JMeterThread: Thread finished: Thread Group 1-8
2022-09-05 17:12:01,987 INFO o.a.j.t.JMeterThread: Thread started: Thread Group 1-9
2022-09-05 17:12:02,020 INFO o.a.j.t.JMeterThread: Thread is done: Thread Group 1-9
2022-09-05 17:12:02,020 INFO o.a.j.t.JMeterThread: Thread finished: Thread Group 1-9
2022-09-05 17:12:02,187 INFO o.a.j.t.JMeterThread: Thread started: Thread Group 1-10
2022-09-05 17:12:02,224 INFO o.a.j.t.JMeterThread: Thread is done: Thread Group 1-10
2022-09-05 17:12:02,224 INFO o.a.j.t.JMeterThread: Thread finished: Thread Group 1-10
2022-09-05 17:12:02,224 INFO o.a.j.e.StandardJMeterEngine: Notifying test listeners of end of test
2022-09-05 17:12:02,224 INFO o.a.j.g.u.JMeterMenuBar: setRunning(false, *local*)
2022-09-05 17:12:46,571 INFO o.a.j.e.StandardJMeterEngine: Running the test!
2022-09-05 17:12:46,572 INFO o.a.j.s.SampleEvent: List of sample_variables: []
2022-09-05 17:12:46,572 INFO o.a.j.g.u.JMeterMenuBar: setRunning(true, *local*)
2022-09-05 17:12:46,609 INFO o.a.j.e.StandardJMeterEngine: Starting ThreadGroup: 1 : Thread Group
2022-09-05 17:12:46,609 INFO o.a.j.e.StandardJMeterEngine: Starting 10 threads for group Thread Group.
2022-09-05 17:12:46,609 INFO o.a.j.e.StandardJMeterEngine: Thread will continue on error
2022-09-05 17:12:46,609 INFO o.a.j.t.ThreadGroup: Starting thread group... number=1 threads=10 ramp-up=2 delayedStart=false
2022-09-05 17:12:46,610 INFO o.a.j.t.JMeterThread: Thread started: Thread Group 1-1
2022-09-05 17:12:46,611 INFO o.a.j.t.ThreadGroup: Started thread group number 1
2022-09-05 17:12:46,611 INFO o.a.j.e.StandardJMeterEngine: All thread groups have been started
2022-09-05 17:12:46,814 INFO o.a.j.t.JMeterThread: Thread started: Thread Group 1-2
2022-09-05 17:12:47,011 INFO o.a.j.t.JMeterThread: Thread started: Thread Group 1-3
2022-09-05 17:12:47,211 INFO o.a.j.t.JMeterThread: Thread started: Thread Group 1-4
2022-09-05 17:12:47,415 INFO o.a.j.t.JMeterThread: Thread started: Thread Group 1-5
2022-09-05 17:12:47,609 INFO o.a.j.t.JMeterThread: Thread started: Thread Group 1-6
2022-09-05 17:12:47,810 INFO o.a.j.t.JMeterThread: Thread started: Thread Group 1-7
2022-09-05 17:12:48,015 INFO o.a.j.t.JMeterThread: Thread started: Thread Group 1-8
2022-09-05 17:12:48,220 INFO o.a.j.t.JMeterThread: Thread started: Thread Group 1-9
2022-09-05 17:12:48,414 INFO o.a.j.t.JMeterThread: Thread started: Thread Group 1-10
2022-09-05 17:12:58,643 INFO o.a.j.t.JMeterThread: Thread is done: Thread Group 1-9
2022-09-05 17:12:58,644 INFO o.a.j.t.JMeterThread: Thread finished: Thread Group 1-9
2022-09-05 17:12:58,691 INFO o.a.j.t.JMeterThread: Thread is done: Thread Group 1-3
2022-09-05 17:12:58,691 INFO o.a.j.t.JMeterThread: Thread finished: Thread Group 1-3
2022-09-05 17:12:58,819 INFO o.a.j.t.JMeterThread: Thread is done: Thread Group 1-6
2022-09-05 17:12:58,819 INFO o.a.j.t.JMeterThread: Thread finished: Thread Group 1-6
2022-09-05 17:13:01,055 INFO o.a.j.t.JMeterThread: Thread is done: Thread Group 1-2
2022-09-05 17:13:01,055 INFO o.a.j.t.JMeterThread: Thread finished: Thread Group 1-2
2022-09-05 17:13:01,420 INFO o.a.j.t.JMeterThread: Thread is done: Thread Group 1-5
2022-09-05 17:13:01,420 INFO o.a.j.t.JMeterThread: Thread finished: Thread Group 1-5
2022-09-05 17:13:01,482 INFO o.a.j.t.JMeterThread: Thread is done: Thread Group 1-8
2022-09-05 17:13:01,482 INFO o.a.j.t.JMeterThread: Thread finished: Thread Group 1-8
2022-09-05 17:13:16,765 INFO o.a.j.g.a.Start: Stopping test
2022-09-05 17:13:16,781 INFO o.a.j.t.JMeterThread: Stopping: Thread Group 1-7
2022-09-05 17:13:16,782 WARN o.a.j.t.JMeterThread: Sampler is not Interruptible: OS Process Sampler
2022-09-05 17:13:16,782 INFO o.a.j.t.JMeterThread: Stopping: Thread Group 1-1
2022-09-05 17:13:16,782 WARN o.a.j.t.JMeterThread: Sampler is not Interruptible: OS Process Sampler
2022-09-05 17:13:16,782 INFO o.a.j.t.JMeterThread: Stopping: Thread Group 1-4
2022-09-05 17:13:16,782 WARN o.a.j.t.JMeterThread: Sampler is not Interruptible: OS Process Sampler
2022-09-05 17:13:16,782 INFO o.a.j.t.JMeterThread: Stopping: Thread Group 1-10
2022-09-05 17:13:16,782 WARN o.a.j.t.JMeterThread: Sampler is not Interruptible: OS Process Sampler
2022-09-05 17:13:16,783 INFO o.a.j.t.JMeterThread: Thread is done: Thread Group 1-7
2022-09-05 17:13:16,783 INFO o.a.j.t.JMeterThread: Thread is done: Thread Group 1-4
2022-09-05 17:13:16,783 INFO o.a.j.t.JMeterThread: Thread is done: Thread Group 1-10
2022-09-05 17:13:16,783 INFO o.a.j.t.JMeterThread: Thread is done: Thread Group 1-1
2022-09-05 17:13:16,784 INFO o.a.j.t.JMeterThread: Thread finished: Thread Group 1-7
2022-09-05 17:13:16,784 INFO o.a.j.t.JMeterThread: Thread finished: Thread Group 1-1
2022-09-05 17:13:16,784 INFO o.a.j.t.JMeterThread: Thread finished: Thread Group 1-4
2022-09-05 17:13:16,784 INFO o.a.j.t.JMeterThread: Thread finished: Thread Group 1-10
2022-09-05 17:13:16,784 INFO o.a.j.e.StandardJMeterEngine: Notifying test listeners of end of test
2022-09-05 17:13:16,784 INFO o.a.j.g.u.JMeterMenuBar: setRunning(false, *local*)
2022-09-05 17:16:11,750 INFO o.a.j.e.StandardJMeterEngine: Running the test!
2022-09-05 17:16:11,752 INFO o.a.j.s.SampleEvent: List of sample_variables: []
2022-09-05 17:16:11,752 INFO o.a.j.g.u.JMeterMenuBar: setRunning(true, *local*)
2022-09-05 17:16:11,806 INFO o.a.j.e.StandardJMeterEngine: Starting ThreadGroup: 1 : Thread Group
2022-09-05 17:16:11,807 INFO o.a.j.e.StandardJMeterEngine: Starting 10 threads for group Thread Group.
2022-09-05 17:16:11,807 INFO o.a.j.e.StandardJMeterEngine: Thread will continue on error
2022-09-05 17:16:11,807 INFO o.a.j.t.ThreadGroup: Starting thread group... number=1 threads=10 ramp-up=2 delayedStart=false
2022-09-05 17:16:11,807 INFO o.a.j.t.JMeterThread: Thread started: Thread Group 1-1
2022-09-05 17:16:11,808 INFO o.a.j.t.ThreadGroup: Started thread group number 1
2022-09-05 17:16:11,808 INFO o.a.j.e.StandardJMeterEngine: All thread groups have been started
2022-09-05 17:16:12,009 INFO o.a.j.t.JMeterThread: Thread started: Thread Group 1-2
2022-09-05 17:16:12,211 INFO o.a.j.t.JMeterThread: Thread started: Thread Group 1-3
2022-09-05 17:16:12,409 INFO o.a.j.t.JMeterThread: Thread started: Thread Group 1-4
2022-09-05 17:16:12,612 INFO o.a.j.t.JMeterThread: Thread started: Thread Group 1-5
2022-09-05 17:16:12,814 INFO o.a.j.t.JMeterThread: Thread started: Thread Group 1-6
2022-09-05 17:16:13,011 INFO o.a.j.t.JMeterThread: Thread started: Thread Group 1-7
2022-09-05 17:16:13,214 INFO o.a.j.t.JMeterThread: Thread started: Thread Group 1-8
2022-09-05 17:16:13,412 INFO o.a.j.t.JMeterThread: Thread started: Thread Group 1-9
2022-09-05 17:16:13,607 INFO o.a.j.t.JMeterThread: Thread started: Thread Group 1-10
2022-09-05 17:16:26,642 INFO o.a.j.t.JMeterThread: Thread is done: Thread Group 1-2
2022-09-05 17:16:26,643 INFO o.a.j.t.JMeterThread: Thread finished: Thread Group 1-2
2022-09-05 17:16:27,149 INFO o.a.j.t.JMeterThread: Thread is done: Thread Group 1-3
2022-09-05 17:16:27,150 INFO o.a.j.t.JMeterThread: Thread finished: Thread Group 1-3
2022-09-05 17:16:29,085 INFO o.a.j.t.JMeterThread: Thread is done: Thread Group 1-1
2022-09-05 17:16:29,085 INFO o.a.j.t.JMeterThread: Thread finished: Thread Group 1-1
2022-09-05 17:16:29,101 INFO o.a.j.t.JMeterThread: Thread is done: Thread Group 1-6
2022-09-05 17:16:29,101 INFO o.a.j.t.JMeterThread: Thread finished: Thread Group 1-6
2022-09-05 17:16:29,115 INFO o.a.j.t.JMeterThread: Thread is done: Thread Group 1-7
2022-09-05 17:16:29,115 INFO o.a.j.t.JMeterThread: Thread finished: Thread Group 1-7
2022-09-05 17:16:48,663 INFO o.a.j.t.JMeterThread: Thread is done: Thread Group 1-4
2022-09-05 17:16:48,665 INFO o.a.j.t.JMeterThread: Thread finished: Thread Group 1-4
2022-09-05 17:16:48,691 INFO o.a.j.t.JMeterThread: Thread is done: Thread Group 1-8
2022-09-05 17:16:48,691 INFO o.a.j.t.JMeterThread: Thread finished: Thread Group 1-8
2022-09-05 17:16:49,128 INFO o.a.j.t.JMeterThread: Thread is done: Thread Group 1-9
2022-09-05 17:16:49,129 INFO o.a.j.t.JMeterThread: Thread finished: Thread Group 1-9
2022-09-05 17:16:49,564 INFO o.a.j.t.JMeterThread: Thread is done: Thread Group 1-10
2022-09-05 17:16:49,565 INFO o.a.j.t.JMeterThread: Thread finished: Thread Group 1-10
2022-09-05 17:16:49,615 INFO o.a.j.t.JMeterThread: Thread is done: Thread Group 1-5
2022-09-05 17:16:49,615 INFO o.a.j.t.JMeterThread: Thread finished: Thread Group 1-5
2022-09-05 17:16:49,615 INFO o.a.j.e.StandardJMeterEngine: Notifying test listeners of end of test
2022-09-05 17:16:49,616 INFO o.a.j.g.u.JMeterMenuBar: setRunning(false, *local*)
2022-09-05 17:19:50,518 INFO o.a.j.e.StandardJMeterEngine: Running the test!
2022-09-05 17:19:50,520 INFO o.a.j.s.SampleEvent: List of sample_variables: []
2022-09-05 17:19:50,522 INFO o.a.j.g.u.JMeterMenuBar: setRunning(true, *local*)
2022-09-05 17:19:50,565 INFO o.a.j.e.StandardJMeterEngine: Starting ThreadGroup: 1 : Thread Group
2022-09-05 17:19:50,565 INFO o.a.j.e.StandardJMeterEngine: Starting 10 threads for group Thread Group.
2022-09-05 17:19:50,565 INFO o.a.j.e.StandardJMeterEngine: Thread will continue on error
2022-09-05 17:19:50,565 INFO o.a.j.t.ThreadGroup: Starting thread group... number=1 threads=10 ramp-up=2 delayedStart=false
2022-09-05 17:19:50,566 INFO o.a.j.t.JMeterThread: Thread started: Thread Group 1-1
2022-09-05 17:19:50,567 INFO o.a.j.t.ThreadGroup: Started thread group number 1
2022-09-05 17:19:50,567 INFO o.a.j.e.StandardJMeterEngine: All thread groups have been started
2022-09-05 17:19:50,771 INFO o.a.j.t.JMeterThread: Thread started: Thread Group 1-2
2022-09-05 17:19:50,970 INFO o.a.j.t.JMeterThread: Thread started: Thread Group 1-3
2022-09-05 17:19:51,167 INFO o.a.j.t.JMeterThread: Thread started: Thread Group 1-4
2022-09-05 17:19:51,370 INFO o.a.j.t.JMeterThread: Thread started: Thread Group 1-5
2022-09-05 17:19:51,573 INFO o.a.j.t.JMeterThread: Thread started: Thread Group 1-6
2022-09-05 17:19:51,772 INFO o.a.j.t.JMeterThread: Thread started: Thread Group 1-7
2022-09-05 17:19:51,971 INFO o.a.j.t.JMeterThread: Thread started: Thread Group 1-8
2022-09-05 17:19:52,167 INFO o.a.j.t.JMeterThread: Thread started: Thread Group 1-9
2022-09-05 17:19:52,368 INFO o.a.j.t.JMeterThread: Thread started: Thread Group 1-10
2022-09-05 17:20:02,000 INFO o.a.j.t.JMeterThread: Thread is done: Thread Group 1-2
2022-09-05 17:20:02,001 INFO o.a.j.t.JMeterThread: Thread finished: Thread Group 1-2
2022-09-05 17:20:04,079 INFO o.a.j.t.JMeterThread: Thread is done: Thread Group 1-7
2022-09-05 17:20:04,079 INFO o.a.j.t.JMeterThread: Thread finished: Thread Group 1-7
2022-09-05 17:20:04,083 INFO o.a.j.t.JMeterThread: Thread is done: Thread Group 1-9
2022-09-05 17:20:04,083 INFO o.a.j.t.JMeterThread: Thread finished: Thread Group 1-9
2022-09-05 17:20:04,092 INFO o.a.j.t.JMeterThread: Thread is done: Thread Group 1-6
2022-09-05 17:20:04,093 INFO o.a.j.t.JMeterThread: Thread finished: Thread Group 1-6
2022-09-05 17:20:22,316 INFO o.a.j.t.JMeterThread: Thread is done: Thread Group 1-4
2022-09-05 17:20:22,318 INFO o.a.j.t.JMeterThread: Thread finished: Thread Group 1-4
2022-09-05 17:20:22,570 INFO o.a.j.t.JMeterThread: Thread is done: Thread Group 1-1
2022-09-05 17:20:22,570 INFO o.a.j.t.JMeterThread: Thread finished: Thread Group 1-1
2022-09-05 17:20:23,543 INFO o.a.j.t.JMeterThread: Thread is done: Thread Group 1-3
2022-09-05 17:20:23,543 INFO o.a.j.t.JMeterThread: Thread finished: Thread Group 1-3
2022-09-05 17:20:24,147 INFO o.a.j.t.JMeterThread: Thread is done: Thread Group 1-5
2022-09-05 17:20:24,148 INFO o.a.j.t.JMeterThread: Thread finished: Thread Group 1-5
2022-09-05 17:20:24,548 INFO o.a.j.t.JMeterThread: Thread is done: Thread Group 1-10
2022-09-05 17:20:24,548 INFO o.a.j.t.JMeterThread: Thread finished: Thread Group 1-10
2022-09-05 17:20:24,645 INFO o.a.j.t.JMeterThread: Thread is done: Thread Group 1-8
2022-09-05 17:20:24,646 INFO o.a.j.t.JMeterThread: Thread finished: Thread Group 1-8
2022-09-05 17:20:24,646 INFO o.a.j.e.StandardJMeterEngine: Notifying test listeners of end of test
2022-09-05 17:20:24,647 INFO o.a.j.g.u.JMeterMenuBar: setRunning(false, *local*)
2022-09-05 18:52:48,658 INFO o.a.j.e.StandardJMeterEngine: Running the test!
2022-09-05 18:52:48,661 INFO o.a.j.s.SampleEvent: List of sample_variables: []
2022-09-05 18:52:48,662 INFO o.a.j.g.u.JMeterMenuBar: setRunning(true, *local*)
2022-09-05 18:52:48,736 INFO o.a.j.e.StandardJMeterEngine: Starting ThreadGroup: 1 : Thread Group
2022-09-05 18:52:48,736 INFO o.a.j.e.StandardJMeterEngine: Starting 10 threads for group Thread Group.
2022-09-05 18:52:48,736 INFO o.a.j.e.StandardJMeterEngine: Thread will continue on error
2022-09-05 18:52:48,736 INFO o.a.j.t.ThreadGroup: Starting thread group... number=1 threads=10 ramp-up=2 delayedStart=false
2022-09-05 18:52:48,737 INFO o.a.j.t.JMeterThread: Thread started: Thread Group 1-1
2022-09-05 18:52:48,739 INFO o.a.j.t.ThreadGroup: Started thread group number 1
2022-09-05 18:52:48,739 INFO o.a.j.e.StandardJMeterEngine: All thread groups have been started
2022-09-05 18:52:48,940 INFO o.a.j.t.JMeterThread: Thread started: Thread Group 1-2
2022-09-05 18:52:49,141 INFO o.a.j.t.JMeterThread: Thread started: Thread Group 1-3
2022-09-05 18:52:49,343 INFO o.a.j.t.JMeterThread: Thread started: Thread Group 1-4
2022-09-05 18:52:49,541 INFO o.a.j.t.JMeterThread: Thread started: Thread Group 1-5
2022-09-05 18:52:49,739 INFO o.a.j.t.JMeterThread: Thread started: Thread Group 1-6
2022-09-05 18:52:49,945 INFO o.a.j.t.JMeterThread: Thread started: Thread Group 1-7
2022-09-05 18:52:50,145 INFO o.a.j.t.JMeterThread: Thread started: Thread Group 1-8
2022-09-05 18:52:50,341 INFO o.a.j.t.JMeterThread: Thread started: Thread Group 1-9
2022-09-05 18:52:50,544 INFO o.a.j.t.JMeterThread: Thread started: Thread Group 1-10
2022-09-05 18:53:03,562 INFO o.a.j.t.JMeterThread: Thread is done: Thread Group 1-3
2022-09-05 18:53:03,562 INFO o.a.j.t.JMeterThread: Thread is done: Thread Group 1-2
2022-09-05 18:53:03,563 INFO o.a.j.t.JMeterThread: Thread finished: Thread Group 1-2
2022-09-05 18:53:03,563 INFO o.a.j.t.JMeterThread: Thread finished: Thread Group 1-3
2022-09-05 18:53:04,139 INFO o.a.j.t.JMeterThread: Thread is done: Thread Group 1-5
2022-09-05 18:53:04,140 INFO o.a.j.t.JMeterThread: Thread finished: Thread Group 1-5
2022-09-05 18:53:04,173 INFO o.a.j.t.JMeterThread: Thread is done: Thread Group 1-7
2022-09-05 18:53:04,173 INFO o.a.j.t.JMeterThread: Thread finished: Thread Group 1-7
2022-09-05 18:53:04,196 INFO o.a.j.t.JMeterThread: Thread is done: Thread Group 1-6
2022-09-05 18:53:04,196 INFO o.a.j.t.JMeterThread: Thread finished: Thread Group 1-6
2022-09-05 18:53:04,222 INFO o.a.j.t.JMeterThread: Thread is done: Thread Group 1-9
2022-09-05 18:53:04,222 INFO o.a.j.t.JMeterThread: Thread finished: Thread Group 1-9
2022-09-05 18:53:04,225 INFO o.a.j.t.JMeterThread: Thread is done: Thread Group 1-10
2022-09-05 18:53:04,225 INFO o.a.j.t.JMeterThread: Thread finished: Thread Group 1-10
2022-09-05 18:53:04,232 INFO o.a.j.t.JMeterThread: Thread is done: Thread Group 1-8
2022-09-05 18:53:04,232 INFO o.a.j.t.JMeterThread: Thread finished: Thread Group 1-8
2022-09-05 18:53:23,365 INFO o.a.j.t.JMeterThread: Thread is done: Thread Group 1-1
2022-09-05 18:53:23,366 INFO o.a.j.t.JMeterThread: Thread finished: Thread Group 1-1
2022-09-05 18:53:23,757 INFO o.a.j.t.JMeterThread: Thread is done: Thread Group 1-4
2022-09-05 18:53:23,757 INFO o.a.j.t.JMeterThread: Thread finished: Thread Group 1-4
2022-09-05 18:53:23,759 INFO o.a.j.e.StandardJMeterEngine: Notifying test listeners of end of test
2022-09-05 18:53:23,759 INFO o.a.j.g.u.JMeterMenuBar: setRunning(false, *local*)
2022-09-05 18:54:42,676 INFO o.a.j.e.StandardJMeterEngine: Running the test!
2022-09-05 18:54:42,678 INFO o.a.j.s.SampleEvent: List of sample_variables: []
2022-09-05 18:54:42,680 INFO o.a.j.g.u.JMeterMenuBar: setRunning(true, *local*)
2022-09-05 18:54:42,802 INFO o.a.j.e.StandardJMeterEngine: Starting ThreadGroup: 1 : Thread Group
2022-09-05 18:54:42,802 INFO o.a.j.e.StandardJMeterEngine: Starting 10 threads for group Thread Group.
2022-09-05 18:54:42,802 INFO o.a.j.e.StandardJMeterEngine: Thread will continue on error
2022-09-05 18:54:42,802 INFO o.a.j.t.ThreadGroup: Starting thread group... number=1 threads=10 ramp-up=2 delayedStart=false
2022-09-05 18:54:42,803 INFO o.a.j.t.ThreadGroup: Started thread group number 1
2022-09-05 18:54:42,803 INFO o.a.j.e.StandardJMeterEngine: All thread groups have been started
2022-09-05 18:54:42,802 INFO o.a.j.t.JMeterThread: Thread started: Thread Group 1-1
2022-09-05 18:54:43,007 INFO o.a.j.t.JMeterThread: Thread started: Thread Group 1-2
2022-09-05 18:54:43,207 INFO o.a.j.t.JMeterThread: Thread started: Thread Group 1-3
2022-09-05 18:54:43,410 INFO o.a.j.t.JMeterThread: Thread started: Thread Group 1-4
2022-09-05 18:54:43,604 INFO o.a.j.t.JMeterThread: Thread started: Thread Group 1-5
2022-09-05 18:54:43,813 INFO o.a.j.t.JMeterThread: Thread started: Thread Group 1-6
2022-09-05 18:54:44,007 INFO o.a.j.t.JMeterThread: Thread started: Thread Group 1-7
2022-09-05 18:54:44,207 INFO o.a.j.t.JMeterThread: Thread started: Thread Group 1-8
2022-09-05 18:54:44,410 INFO o.a.j.t.JMeterThread: Thread started: Thread Group 1-9
2022-09-05 18:54:44,607 INFO o.a.j.t.JMeterThread: Thread started: Thread Group 1-10
2022-09-05 18:54:56,165 INFO o.a.j.t.JMeterThread: Thread is done: Thread Group 1-3
2022-09-05 18:54:56,165 INFO o.a.j.t.JMeterThread: Thread finished: Thread Group 1-3
2022-09-05 18:54:57,706 INFO o.a.j.t.JMeterThread: Thread is done: Thread Group 1-2
2022-09-05 18:54:57,706 INFO o.a.j.t.JMeterThread: Thread finished: Thread Group 1-2
2022-09-05 18:54:57,933 INFO o.a.j.t.JMeterThread: Thread is done: Thread Group 1-4
2022-09-05 18:54:57,933 INFO o.a.j.t.JMeterThread: Thread finished: Thread Group 1-4
2022-09-05 18:54:58,090 INFO o.a.j.t.JMeterThread: Thread is done: Thread Group 1-5
2022-09-05 18:54:58,090 INFO o.a.j.t.JMeterThread: Thread finished: Thread Group 1-5
2022-09-05 18:54:58,157 INFO o.a.j.t.JMeterThread: Thread is done: Thread Group 1-6
2022-09-05 18:54:58,157 INFO o.a.j.t.JMeterThread: Thread finished: Thread Group 1-6
2022-09-05 18:54:58,173 INFO o.a.j.t.JMeterThread: Thread is done: Thread Group 1-7
2022-09-05 18:54:58,173 INFO o.a.j.t.JMeterThread: Thread finished: Thread Group 1-7
2022-09-05 18:54:58,296 INFO o.a.j.t.JMeterThread: Thread is done: Thread Group 1-9
2022-09-05 18:54:58,296 INFO o.a.j.t.JMeterThread: Thread finished: Thread Group 1-9
2022-09-05 18:54:58,336 INFO o.a.j.t.JMeterThread: Thread is done: Thread Group 1-10
2022-09-05 18:54:58,336 INFO o.a.j.t.JMeterThread: Thread finished: Thread Group 1-10
2022-09-05 18:55:17,092 INFO o.a.j.t.JMeterThread: Thread is done: Thread Group 1-1
2022-09-05 18:55:17,093 INFO o.a.j.t.JMeterThread: Thread finished: Thread Group 1-1
2022-09-05 18:55:17,752 INFO o.a.j.t.JMeterThread: Thread is done: Thread Group 1-8
2022-09-05 18:55:17,752 INFO o.a.j.t.JMeterThread: Thread finished: Thread Group 1-8
2022-09-05 18:55:17,753 INFO o.a.j.e.StandardJMeterEngine: Notifying test listeners of end of test
2022-09-05 18:55:17,754 INFO o.a.j.g.u.JMeterMenuBar: setRunning(false, *local*)
