2022-09-23 11:50:24,440 INFO o.a.j.u.JMeterUtils: Setting Locale to en_EN
2022-09-23 11:50:24,456 INFO o.a.j.JMeter: Loading user properties from: /opt/homebrew/Cellar/jmeter/5.5/libexec/bin/user.properties
2022-09-23 11:50:24,456 INFO o.a.j.JMeter: Loading system properties from: /opt/homebrew/Cellar/jmeter/5.5/libexec/bin/system.properties
2022-09-23 11:50:24,459 INFO o.a.j.JMeter: Copyright (c) 1998-2022 The Apache Software Foundation
2022-09-23 11:50:24,459 INFO o.a.j.JMeter: Version 5.5
2022-09-23 11:50:24,459 INFO o.a.j.JMeter: java.version=18.0.2.1
2022-09-23 11:50:24,459 INFO o.a.j.JMeter: java.vm.name=OpenJDK 64-Bit Server VM
2022-09-23 11:50:24,459 INFO o.a.j.JMeter: os.name=Mac OS X
2022-09-23 11:50:24,459 INFO o.a.j.JMeter: os.arch=aarch64
2022-09-23 11:50:24,459 INFO o.a.j.JMeter: os.version=12.4
2022-09-23 11:50:24,459 INFO o.a.j.JMeter: file.encoding=UTF-8
2022-09-23 11:50:24,459 INFO o.a.j.JMeter: java.awt.headless=null
2022-09-23 11:50:24,459 INFO o.a.j.JMeter: Max memory     =1073741824
2022-09-23 11:50:24,459 INFO o.a.j.JMeter: Available Processors =8
2022-09-23 11:50:24,464 INFO o.a.j.JMeter: Default Locale=English (EN)
2022-09-23 11:50:24,464 INFO o.a.j.JMeter: JMeter  Locale=English (EN)
2022-09-23 11:50:24,464 INFO o.a.j.JMeter: JMeterHome=/opt/homebrew/Cellar/jmeter/5.5/libexec
2022-09-23 11:50:24,464 INFO o.a.j.JMeter: user.dir  =/Users/caspar/Documents/GitHub/Serverless-AI/VideoTransfer/src/FLASK_POST
2022-09-23 11:50:24,464 INFO o.a.j.JMeter: PWD       =/Users/caspar/Documents/GitHub/Serverless-AI/VideoTransfer/src/FLASK_POST
2022-09-23 11:50:24,466 INFO o.a.j.JMeter: IP: 127.0.0.1 Name: Caspars-MacBook-Air.local FullName: localhost
2022-09-23 11:50:24,473 INFO o.a.j.JMeter: Loaded icon properties from org/apache/jmeter/images/icon.properties
2022-09-23 11:50:24,766 INFO o.a.j.JMeterGuiLauncher: Setting LAF to: com.github.weisj.darklaf.DarkLaf:com.github.weisj.darklaf.theme.DarculaTheme
2022-09-23 11:50:26,383 INFO o.j.r.JARSourceHTTP: Requesting https://jmeter-plugins.org/repo/?installID=mac_os_x-313f0187e91939001d884851632f50ba-gui
2022-09-23 11:50:27,778 INFO o.j.r.PluginManager: Plugins Status: [jpgc-plugins-manager=1.7, jmeter-core=5.5, jmeter-ftp=5.5, jmeter-http=5.5, jmeter-jdbc=5.5, jmeter-jms=5.5, jmeter-junit=5.5, jmeter-java=5.5, jmeter-ldap=5.5, jmeter-mail=5.5, jmeter-mongodb=5.5, jmeter-native=5.5, jmeter-tcp=5.5, jmeter-components=5.5]
2022-09-23 11:50:41,174 INFO o.a.j.s.FileServer: Default base='/Users/caspar/Documents/GitHub/Serverless-AI/VideoTransfer/src/FLASK_POST'
2022-09-23 11:50:41,187 INFO o.a.j.g.a.Load: Loading file: /Users/caspar/Documents/GitHub/Serverless-AI/Summary Report.jmx
2022-09-23 11:50:41,187 INFO o.a.j.s.FileServer: Set new base='/Users/caspar/Documents/GitHub/Serverless-AI'
2022-09-23 11:50:41,267 INFO o.a.j.s.SaveService: Testplan (JMX) version: 2.2. Testlog (JTL) version: 2.2
2022-09-23 11:50:41,271 INFO o.a.j.s.SaveService: Using SaveService properties version 5.0
2022-09-23 11:50:41,271 INFO o.a.j.s.SaveService: Using SaveService properties file encoding UTF-8
2022-09-23 11:50:41,272 INFO o.a.j.s.SaveService: Loading file: /Users/caspar/Documents/GitHub/Serverless-AI/Summary Report.jmx
2022-09-23 11:50:41,312 INFO o.a.j.p.h.s.HTTPSamplerBase: Parser for text/html is org.apache.jmeter.protocol.http.parser.LagartoBasedHtmlParser
2022-09-23 11:50:41,312 INFO o.a.j.p.h.s.HTTPSamplerBase: Parser for application/xhtml+xml is org.apache.jmeter.protocol.http.parser.LagartoBasedHtmlParser
2022-09-23 11:50:41,312 INFO o.a.j.p.h.s.HTTPSamplerBase: Parser for application/xml is org.apache.jmeter.protocol.http.parser.LagartoBasedHtmlParser
2022-09-23 11:50:41,312 INFO o.a.j.p.h.s.HTTPSamplerBase: Parser for text/xml is org.apache.jmeter.protocol.http.parser.LagartoBasedHtmlParser
2022-09-23 11:50:41,312 INFO o.a.j.p.h.s.HTTPSamplerBase: Parser for text/vnd.wap.wml is org.apache.jmeter.protocol.http.parser.RegexpHTMLParser
2022-09-23 11:50:41,313 INFO o.a.j.p.h.s.HTTPSamplerBase: Parser for text/css is org.apache.jmeter.protocol.http.parser.CssParser
2022-09-23 11:50:41,370 INFO o.a.j.s.SampleResult: Note: Sample TimeStamps are START times
2022-09-23 11:50:41,370 INFO o.a.j.s.SampleResult: sampleresult.default.encoding is set to ISO-8859-1
2022-09-23 11:50:41,370 INFO o.a.j.s.SampleResult: sampleresult.useNanoTime=true
2022-09-23 11:50:41,370 INFO o.a.j.s.SampleResult: sampleresult.nanoThreadSleep=5000
2022-09-23 11:50:41,435 INFO o.a.j.v.ViewResultsFullVisualizer: Add JavaFX to your Java installation if you want to use renderer: org.apache.jmeter.visualizers.RenderInBrowser
2022-09-23 11:50:41,467 INFO o.a.j.s.FileServer: Set new base='/Users/caspar/Documents/GitHub/Serverless-AI'
2022-09-23 11:51:11,353 INFO o.a.j.e.StandardJMeterEngine: Running the test!
2022-09-23 11:51:11,354 INFO o.a.j.s.SampleEvent: List of sample_variables: []
2022-09-23 11:51:11,354 INFO o.a.j.s.SampleEvent: List of sample_variables: []
2022-09-23 11:51:11,356 INFO o.a.j.e.u.CompoundVariable: Note: Function class names must contain the string: '.functions.'
2022-09-23 11:51:11,356 INFO o.a.j.e.u.CompoundVariable: Note: Function class names must not contain the string: '.gui.'
2022-09-23 11:51:11,391 INFO o.a.j.g.u.JMeterMenuBar: setRunning(true, *local*)
2022-09-23 11:51:11,430 INFO o.a.j.e.StandardJMeterEngine: Starting ThreadGroup: 1 : Thread Group
2022-09-23 11:51:11,430 INFO o.a.j.e.StandardJMeterEngine: Starting 10 threads for group Thread Group.
2022-09-23 11:51:11,430 INFO o.a.j.e.StandardJMeterEngine: Thread will continue on error
2022-09-23 11:51:11,431 INFO o.a.j.t.ThreadGroup: Starting thread group... number=1 threads=10 ramp-up=25 delayedStart=false
2022-09-23 11:51:11,432 INFO o.a.j.t.JMeterThread: Thread started: Thread Group 1-1
2022-09-23 11:51:11,435 INFO o.a.j.t.ThreadGroup: Started thread group number 1
2022-09-23 11:51:11,435 INFO o.a.j.e.StandardJMeterEngine: All thread groups have been started
2022-09-23 11:51:13,935 INFO o.a.j.t.JMeterThread: Thread started: Thread Group 1-2
2022-09-23 11:51:16,432 INFO o.a.j.t.JMeterThread: Thread started: Thread Group 1-3
2022-09-23 11:51:18,937 INFO o.a.j.t.JMeterThread: Thread started: Thread Group 1-4
2022-09-23 11:51:21,436 INFO o.a.j.t.JMeterThread: Thread started: Thread Group 1-5
2022-09-23 11:51:23,932 INFO o.a.j.t.JMeterThread: Thread started: Thread Group 1-6
2022-09-23 11:51:26,438 INFO o.a.j.t.JMeterThread: Thread started: Thread Group 1-7
2022-09-23 11:51:27,428 INFO o.a.j.t.JMeterThread: Thread is done: Thread Group 1-6
2022-09-23 11:51:27,428 INFO o.a.j.t.JMeterThread: Thread finished: Thread Group 1-6
2022-09-23 11:51:28,932 INFO o.a.j.t.JMeterThread: Thread started: Thread Group 1-8
2022-09-23 11:51:31,438 INFO o.a.j.t.JMeterThread: Thread started: Thread Group 1-9
2022-09-23 11:51:33,935 INFO o.a.j.t.JMeterThread: Thread started: Thread Group 1-10
2022-09-23 11:51:36,499 INFO o.a.j.t.JMeterThread: Thread is done: Thread Group 1-10
2022-09-23 11:51:36,499 INFO o.a.j.t.JMeterThread: Thread finished: Thread Group 1-10
2022-09-23 11:51:36,590 INFO o.a.j.t.JMeterThread: Thread is done: Thread Group 1-1
2022-09-23 11:51:36,590 INFO o.a.j.t.JMeterThread: Thread finished: Thread Group 1-1
2022-09-23 11:51:38,945 INFO o.a.j.t.JMeterThread: Thread is done: Thread Group 1-2
2022-09-23 11:51:38,945 INFO o.a.j.t.JMeterThread: Thread finished: Thread Group 1-2
2022-09-23 11:51:45,292 INFO o.a.j.t.JMeterThread: Thread is done: Thread Group 1-5
2022-09-23 11:51:45,293 INFO o.a.j.t.JMeterThread: Thread finished: Thread Group 1-5
2022-09-23 11:51:45,859 INFO o.a.j.t.JMeterThread: Thread is done: Thread Group 1-3
2022-09-23 11:51:45,859 INFO o.a.j.t.JMeterThread: Thread finished: Thread Group 1-3
2022-09-23 11:51:49,080 INFO o.a.j.t.JMeterThread: Thread is done: Thread Group 1-4
2022-09-23 11:51:49,081 INFO o.a.j.t.JMeterThread: Thread finished: Thread Group 1-4
2022-09-23 11:51:52,335 INFO o.a.j.t.JMeterThread: Thread is done: Thread Group 1-8
2022-09-23 11:51:52,335 INFO o.a.j.t.JMeterThread: Thread finished: Thread Group 1-8
2022-09-23 11:51:54,988 INFO o.a.j.t.JMeterThread: Thread is done: Thread Group 1-9
2022-09-23 11:51:54,988 INFO o.a.j.t.JMeterThread: Thread finished: Thread Group 1-9
2022-09-23 11:52:58,530 INFO o.a.j.t.JMeterThread: Thread is done: Thread Group 1-7
2022-09-23 11:52:58,531 INFO o.a.j.t.JMeterThread: Thread finished: Thread Group 1-7
2022-09-23 11:52:58,531 INFO o.a.j.e.StandardJMeterEngine: Notifying test listeners of end of test
2022-09-23 11:52:58,532 INFO o.a.j.g.u.JMeterMenuBar: setRunning(false, *local*)
2022-09-23 11:55:39,592 INFO o.a.j.e.StandardJMeterEngine: Running the test!
2022-09-23 11:55:39,594 INFO o.a.j.s.SampleEvent: List of sample_variables: []
2022-09-23 11:55:39,595 INFO o.a.j.g.u.JMeterMenuBar: setRunning(true, *local*)
2022-09-23 11:55:39,631 INFO o.a.j.e.StandardJMeterEngine: Starting ThreadGroup: 1 : Thread Group
2022-09-23 11:55:39,634 INFO o.a.j.e.StandardJMeterEngine: Starting 10 threads for group Thread Group.
2022-09-23 11:55:39,634 INFO o.a.j.e.StandardJMeterEngine: Thread will continue on error
2022-09-23 11:55:39,636 INFO o.a.j.t.ThreadGroup: Starting thread group... number=1 threads=10 ramp-up=25 delayedStart=false
2022-09-23 11:55:39,637 INFO o.a.j.t.JMeterThread: Thread started: Thread Group 1-1
2022-09-23 11:55:39,639 INFO o.a.j.t.ThreadGroup: Started thread group number 1
2022-09-23 11:55:39,639 INFO o.a.j.e.StandardJMeterEngine: All thread groups have been started
2022-09-23 11:55:42,139 INFO o.a.j.t.JMeterThread: Thread started: Thread Group 1-2
2022-09-23 11:55:44,191 INFO o.a.j.t.JMeterThread: Thread is done: Thread Group 1-1
2022-09-23 11:55:44,191 INFO o.a.j.t.JMeterThread: Thread finished: Thread Group 1-1
2022-09-23 11:55:44,643 INFO o.a.j.t.JMeterThread: Thread started: Thread Group 1-3
2022-09-23 11:55:47,139 INFO o.a.j.t.JMeterThread: Thread started: Thread Group 1-4
2022-09-23 11:55:48,375 INFO o.a.j.t.JMeterThread: Thread is done: Thread Group 1-2
2022-09-23 11:55:48,375 INFO o.a.j.t.JMeterThread: Thread finished: Thread Group 1-2
2022-09-23 11:55:49,642 INFO o.a.j.t.JMeterThread: Thread started: Thread Group 1-5
2022-09-23 11:55:52,142 INFO o.a.j.t.JMeterThread: Thread started: Thread Group 1-6
2022-09-23 11:55:53,028 INFO o.a.j.t.JMeterThread: Thread is done: Thread Group 1-3
2022-09-23 11:55:53,029 INFO o.a.j.t.JMeterThread: Thread finished: Thread Group 1-3
2022-09-23 11:55:54,643 INFO o.a.j.t.JMeterThread: Thread started: Thread Group 1-7
2022-09-23 11:55:54,845 INFO o.a.j.t.JMeterThread: Thread is done: Thread Group 1-5
2022-09-23 11:55:54,845 INFO o.a.j.t.JMeterThread: Thread finished: Thread Group 1-5
2022-09-23 11:55:55,006 INFO o.a.j.t.JMeterThread: Thread is done: Thread Group 1-6
2022-09-23 11:55:55,006 INFO o.a.j.t.JMeterThread: Thread finished: Thread Group 1-6
2022-09-23 11:55:57,139 INFO o.a.j.t.JMeterThread: Thread started: Thread Group 1-8
2022-09-23 11:55:59,269 INFO o.a.j.t.JMeterThread: Thread is done: Thread Group 1-7
2022-09-23 11:55:59,269 INFO o.a.j.t.JMeterThread: Thread finished: Thread Group 1-7
2022-09-23 11:55:59,270 INFO o.a.j.t.JMeterThread: Thread is done: Thread Group 1-4
2022-09-23 11:55:59,270 INFO o.a.j.t.JMeterThread: Thread finished: Thread Group 1-4
2022-09-23 11:55:59,641 INFO o.a.j.t.JMeterThread: Thread started: Thread Group 1-9
2022-09-23 11:56:02,138 INFO o.a.j.t.JMeterThread: Thread started: Thread Group 1-10
2022-09-23 11:56:05,805 INFO o.a.j.t.JMeterThread: Thread is done: Thread Group 1-9
2022-09-23 11:56:05,805 INFO o.a.j.t.JMeterThread: Thread finished: Thread Group 1-9
2022-09-23 11:56:11,754 INFO o.a.j.t.JMeterThread: Thread is done: Thread Group 1-10
2022-09-23 11:56:11,755 INFO o.a.j.t.JMeterThread: Thread finished: Thread Group 1-10
2022-09-23 11:56:31,143 INFO o.a.j.g.a.Start: Stopping test
2022-09-23 11:56:31,173 INFO o.a.j.t.JMeterThread: Stopping: Thread Group 1-8
2022-09-23 11:56:31,173 WARN o.a.j.t.JMeterThread: Sampler is not Interruptible: OS Process Sampler
2022-09-23 11:56:31,174 INFO o.a.j.t.JMeterThread: Thread is done: Thread Group 1-8
2022-09-23 11:56:31,174 INFO o.a.j.t.JMeterThread: Thread finished: Thread Group 1-8
2022-09-23 11:56:31,175 INFO o.a.j.e.StandardJMeterEngine: Notifying test listeners of end of test
2022-09-23 11:56:31,176 INFO o.a.j.g.u.JMeterMenuBar: setRunning(false, *local*)
2022-09-23 11:57:44,428 INFO o.a.j.e.StandardJMeterEngine: Running the test!
2022-09-23 11:57:44,432 INFO o.a.j.s.SampleEvent: List of sample_variables: []
2022-09-23 11:57:44,434 INFO o.a.j.g.u.JMeterMenuBar: setRunning(true, *local*)
2022-09-23 11:57:44,485 INFO o.a.j.e.StandardJMeterEngine: Starting ThreadGroup: 1 : Thread Group
2022-09-23 11:57:44,485 INFO o.a.j.e.StandardJMeterEngine: Starting 10 threads for group Thread Group.
2022-09-23 11:57:44,485 INFO o.a.j.e.StandardJMeterEngine: Thread will continue on error
2022-09-23 11:57:44,486 INFO o.a.j.t.ThreadGroup: Starting thread group... number=1 threads=10 ramp-up=25 delayedStart=false
2022-09-23 11:57:44,486 INFO o.a.j.t.JMeterThread: Thread started: Thread Group 1-1
2022-09-23 11:57:44,488 INFO o.a.j.t.ThreadGroup: Started thread group number 1
2022-09-23 11:57:44,488 INFO o.a.j.e.StandardJMeterEngine: All thread groups have been started
2022-09-23 11:57:46,991 INFO o.a.j.t.JMeterThread: Thread started: Thread Group 1-2
2022-09-23 11:57:49,491 INFO o.a.j.t.JMeterThread: Thread started: Thread Group 1-3
2022-09-23 11:57:51,991 INFO o.a.j.t.JMeterThread: Thread started: Thread Group 1-4
2022-09-23 11:57:54,047 INFO o.a.j.t.JMeterThread: Thread is done: Thread Group 1-3
2022-09-23 11:57:54,047 INFO o.a.j.t.JMeterThread: Thread finished: Thread Group 1-3
2022-09-23 11:57:54,491 INFO o.a.j.t.JMeterThread: Thread started: Thread Group 1-5
2022-09-23 11:57:56,992 INFO o.a.j.t.JMeterThread: Thread started: Thread Group 1-6
2022-09-23 11:57:59,491 INFO o.a.j.t.JMeterThread: Thread started: Thread Group 1-7
2022-09-23 11:58:01,987 INFO o.a.j.t.JMeterThread: Thread started: Thread Group 1-8
2022-09-23 11:58:04,493 INFO o.a.j.t.JMeterThread: Thread started: Thread Group 1-9
2022-09-23 11:58:06,987 INFO o.a.j.t.JMeterThread: Thread started: Thread Group 1-10
2022-09-23 11:58:18,779 INFO o.a.j.t.JMeterThread: Thread is done: Thread Group 1-2
2022-09-23 11:58:18,779 INFO o.a.j.t.JMeterThread: Thread finished: Thread Group 1-2
2022-09-23 11:58:22,632 INFO o.a.j.t.JMeterThread: Thread is done: Thread Group 1-1
2022-09-23 11:58:22,632 INFO o.a.j.t.JMeterThread: Thread finished: Thread Group 1-1
2022-09-23 11:58:25,664 INFO o.a.j.t.JMeterThread: Thread is done: Thread Group 1-4
2022-09-23 11:58:25,664 INFO o.a.j.t.JMeterThread: Thread finished: Thread Group 1-4
2022-09-23 11:58:28,876 INFO o.a.j.t.JMeterThread: Thread is done: Thread Group 1-6
2022-09-23 11:58:28,876 INFO o.a.j.t.JMeterThread: Thread finished: Thread Group 1-6
2022-09-23 11:58:31,447 INFO o.a.j.t.JMeterThread: Thread is done: Thread Group 1-5
2022-09-23 11:58:31,447 INFO o.a.j.t.JMeterThread: Thread finished: Thread Group 1-5
2022-09-23 11:58:35,141 INFO o.a.j.t.JMeterThread: Thread is done: Thread Group 1-7
2022-09-23 11:58:35,141 INFO o.a.j.t.JMeterThread: Thread finished: Thread Group 1-7
2022-09-23 11:58:37,433 INFO o.a.j.t.JMeterThread: Thread is done: Thread Group 1-8
2022-09-23 11:58:37,433 INFO o.a.j.t.JMeterThread: Thread finished: Thread Group 1-8
2022-09-23 11:58:39,550 INFO o.a.j.g.a.Start: Stopping test
2022-09-23 11:58:39,563 INFO o.a.j.t.JMeterThread: Stopping: Thread Group 1-9
2022-09-23 11:58:39,564 WARN o.a.j.t.JMeterThread: Sampler is not Interruptible: OS Process Sampler
2022-09-23 11:58:39,564 INFO o.a.j.t.JMeterThread: Stopping: Thread Group 1-10
2022-09-23 11:58:39,564 WARN o.a.j.t.JMeterThread: Sampler is not Interruptible: OS Process Sampler
2022-09-23 11:58:39,564 INFO o.a.j.t.JMeterThread: Thread is done: Thread Group 1-9
2022-09-23 11:58:39,564 INFO o.a.j.t.JMeterThread: Thread finished: Thread Group 1-9
2022-09-23 11:58:39,564 INFO o.a.j.t.JMeterThread: Thread is done: Thread Group 1-10
2022-09-23 11:58:39,564 INFO o.a.j.t.JMeterThread: Thread finished: Thread Group 1-10
2022-09-23 11:58:39,565 INFO o.a.j.e.StandardJMeterEngine: Notifying test listeners of end of test
2022-09-23 11:58:39,565 INFO o.a.j.g.u.JMeterMenuBar: setRunning(false, *local*)
2022-09-23 11:59:27,899 INFO o.a.j.e.StandardJMeterEngine: Running the test!
2022-09-23 11:59:27,901 INFO o.a.j.s.SampleEvent: List of sample_variables: []
2022-09-23 11:59:27,902 INFO o.a.j.g.u.JMeterMenuBar: setRunning(true, *local*)
2022-09-23 11:59:27,935 INFO o.a.j.e.StandardJMeterEngine: Starting ThreadGroup: 1 : Thread Group
2022-09-23 11:59:27,935 INFO o.a.j.e.StandardJMeterEngine: Starting 10 threads for group Thread Group.
2022-09-23 11:59:27,935 INFO o.a.j.e.StandardJMeterEngine: Thread will continue on error
2022-09-23 11:59:27,935 INFO o.a.j.t.ThreadGroup: Starting thread group... number=1 threads=10 ramp-up=25 delayedStart=false
2022-09-23 11:59:27,939 INFO o.a.j.t.JMeterThread: Thread started: Thread Group 1-1
2022-09-23 11:59:27,941 INFO o.a.j.t.ThreadGroup: Started thread group number 1
2022-09-23 11:59:27,941 INFO o.a.j.e.StandardJMeterEngine: All thread groups have been started
2022-09-23 11:59:29,567 INFO o.a.j.g.a.Start: Stopping test
2022-09-23 11:59:29,579 INFO o.a.j.t.JMeterThread: Stopping: Thread Group 1-3
2022-09-23 11:59:29,580 INFO o.a.j.t.JMeterThread: Stopping: Thread Group 1-4
2022-09-23 11:59:29,580 INFO o.a.j.t.JMeterThread: Stopping: Thread Group 1-5
2022-09-23 11:59:29,580 INFO o.a.j.t.JMeterThread: Stopping: Thread Group 1-7
2022-09-23 11:59:29,580 INFO o.a.j.t.JMeterThread: Stopping: Thread Group 1-1
2022-09-23 11:59:29,580 WARN o.a.j.t.JMeterThread: Sampler is not Interruptible: OS Process Sampler
2022-09-23 11:59:29,580 INFO o.a.j.t.JMeterThread: Stopping: Thread Group 1-8
2022-09-23 11:59:29,580 INFO o.a.j.t.JMeterThread: Stopping: Thread Group 1-6
2022-09-23 11:59:29,580 INFO o.a.j.t.JMeterThread: Stopping: Thread Group 1-9
2022-09-23 11:59:29,580 INFO o.a.j.t.JMeterThread: Stopping: Thread Group 1-2
2022-09-23 11:59:29,580 INFO o.a.j.t.JMeterThread: Stopping: Thread Group 1-10
2022-09-23 11:59:29,580 INFO o.a.j.t.JMeterThread: Thread started: Thread Group 1-4
2022-09-23 11:59:29,580 INFO o.a.j.t.JMeterThread: Thread started: Thread Group 1-5
2022-09-23 11:59:29,580 INFO o.a.j.t.JMeterThread: Thread finished: Thread Group 1-5
2022-09-23 11:59:29,580 INFO o.a.j.t.JMeterThread: Thread started: Thread Group 1-3
2022-09-23 11:59:29,580 INFO o.a.j.t.JMeterThread: Thread finished: Thread Group 1-4
2022-09-23 11:59:29,580 INFO o.a.j.t.JMeterThread: Thread started: Thread Group 1-9
2022-09-23 11:59:29,580 INFO o.a.j.t.JMeterThread: Thread finished: Thread Group 1-9
2022-09-23 11:59:29,580 INFO o.a.j.t.JMeterThread: Thread started: Thread Group 1-10
2022-09-23 11:59:29,580 INFO o.a.j.t.JMeterThread: Thread started: Thread Group 1-8
2022-09-23 11:59:29,580 INFO o.a.j.t.JMeterThread: Thread started: Thread Group 1-2
2022-09-23 11:59:29,580 INFO o.a.j.t.JMeterThread: Thread started: Thread Group 1-7
2022-09-23 11:59:29,580 INFO o.a.j.t.JMeterThread: Thread finished: Thread Group 1-10
2022-09-23 11:59:29,581 INFO o.a.j.t.JMeterThread: Thread finished: Thread Group 1-2
2022-09-23 11:59:29,581 INFO o.a.j.t.JMeterThread: Thread finished: Thread Group 1-8
2022-09-23 11:59:29,580 INFO o.a.j.t.JMeterThread: Thread started: Thread Group 1-6
2022-09-23 11:59:29,581 INFO o.a.j.t.JMeterThread: Thread finished: Thread Group 1-7
2022-09-23 11:59:29,581 INFO o.a.j.t.JMeterThread: Thread finished: Thread Group 1-6
2022-09-23 11:59:29,580 INFO o.a.j.t.JMeterThread: Thread finished: Thread Group 1-3
2022-09-23 11:59:29,581 INFO o.a.j.t.JMeterThread: Thread is done: Thread Group 1-1
2022-09-23 11:59:29,581 INFO o.a.j.t.JMeterThread: Thread finished: Thread Group 1-1
2022-09-23 11:59:29,581 INFO o.a.j.e.StandardJMeterEngine: Notifying test listeners of end of test
2022-09-23 11:59:29,581 INFO o.a.j.g.u.JMeterMenuBar: setRunning(false, *local*)
2022-09-23 11:59:55,172 INFO o.a.j.e.StandardJMeterEngine: Running the test!
2022-09-23 11:59:55,172 INFO o.a.j.s.SampleEvent: List of sample_variables: []
2022-09-23 11:59:55,172 INFO o.a.j.g.u.JMeterMenuBar: setRunning(true, *local*)
2022-09-23 11:59:55,203 INFO o.a.j.e.StandardJMeterEngine: Starting ThreadGroup: 1 : Thread Group
2022-09-23 11:59:55,203 INFO o.a.j.e.StandardJMeterEngine: Starting 10 threads for group Thread Group.
2022-09-23 11:59:55,203 INFO o.a.j.e.StandardJMeterEngine: Thread will continue on error
2022-09-23 11:59:55,203 INFO o.a.j.t.ThreadGroup: Starting thread group... number=1 threads=10 ramp-up=25 delayedStart=false
2022-09-23 11:59:55,204 INFO o.a.j.t.JMeterThread: Thread started: Thread Group 1-1
2022-09-23 11:59:55,205 INFO o.a.j.t.ThreadGroup: Started thread group number 1
2022-09-23 11:59:55,205 INFO o.a.j.e.StandardJMeterEngine: All thread groups have been started
2022-09-23 11:59:57,709 INFO o.a.j.t.JMeterThread: Thread started: Thread Group 1-2
2022-09-23 12:00:00,208 INFO o.a.j.t.JMeterThread: Thread started: Thread Group 1-3
2022-09-23 12:00:01,443 INFO o.a.j.t.JMeterThread: Thread is done: Thread Group 1-1
2022-09-23 12:00:01,443 INFO o.a.j.t.JMeterThread: Thread finished: Thread Group 1-1
2022-09-23 12:00:02,706 INFO o.a.j.t.JMeterThread: Thread started: Thread Group 1-4
2022-09-23 12:00:05,037 INFO o.a.j.t.JMeterThread: Thread is done: Thread Group 1-4
2022-09-23 12:00:05,037 INFO o.a.j.t.JMeterThread: Thread finished: Thread Group 1-4
2022-09-23 12:00:05,208 INFO o.a.j.t.JMeterThread: Thread started: Thread Group 1-5
2022-09-23 12:00:07,707 INFO o.a.j.t.JMeterThread: Thread started: Thread Group 1-6
2022-09-23 12:00:07,777 INFO o.a.j.t.JMeterThread: Thread is done: Thread Group 1-2
2022-09-23 12:00:07,777 INFO o.a.j.t.JMeterThread: Thread finished: Thread Group 1-2
2022-09-23 12:00:09,743 INFO o.a.j.t.JMeterThread: Thread is done: Thread Group 1-5
2022-09-23 12:00:09,743 INFO o.a.j.t.JMeterThread: Thread finished: Thread Group 1-5
2022-09-23 12:00:10,207 INFO o.a.j.t.JMeterThread: Thread started: Thread Group 1-7
2022-09-23 12:00:12,074 INFO o.a.j.t.JMeterThread: Thread is done: Thread Group 1-6
2022-09-23 12:00:12,074 INFO o.a.j.t.JMeterThread: Thread finished: Thread Group 1-6
2022-09-23 12:00:12,707 INFO o.a.j.t.JMeterThread: Thread started: Thread Group 1-8
2022-09-23 12:00:15,203 INFO o.a.j.t.JMeterThread: Thread started: Thread Group 1-9
2022-09-23 12:00:15,966 INFO o.a.j.t.JMeterThread: Thread is done: Thread Group 1-3
2022-09-23 12:00:15,966 INFO o.a.j.t.JMeterThread: Thread finished: Thread Group 1-3
2022-09-23 12:00:16,559 INFO o.a.j.t.JMeterThread: Thread is done: Thread Group 1-7
2022-09-23 12:00:16,559 INFO o.a.j.t.JMeterThread: Thread finished: Thread Group 1-7
2022-09-23 12:00:17,708 INFO o.a.j.t.JMeterThread: Thread started: Thread Group 1-10
2022-09-23 12:00:18,805 INFO o.a.j.t.JMeterThread: Thread is done: Thread Group 1-8
2022-09-23 12:00:18,806 INFO o.a.j.t.JMeterThread: Thread finished: Thread Group 1-8
2022-09-23 12:00:22,761 INFO o.a.j.t.JMeterThread: Thread is done: Thread Group 1-9
2022-09-23 12:00:22,761 INFO o.a.j.t.JMeterThread: Thread finished: Thread Group 1-9
2022-09-23 12:01:19,504 INFO o.a.j.t.JMeterThread: Thread is done: Thread Group 1-10
2022-09-23 12:01:19,505 INFO o.a.j.t.JMeterThread: Thread finished: Thread Group 1-10
2022-09-23 12:01:19,505 INFO o.a.j.e.StandardJMeterEngine: Notifying test listeners of end of test
2022-09-23 12:01:19,505 INFO o.a.j.g.u.JMeterMenuBar: setRunning(false, *local*)
